<?xml version="1.0" encoding="UTF-8"?>
<testng-results ignored="0" total="38" passed="38" failed="0" skipped="0">
  <reporter-output>
  </reporter-output>
  <suite started-at="2022-12-19T15:56:37 CET" name="Default suite" finished-at="2022-12-19T16:02:20 CET" duration-ms="343292">
    <groups>
      <group name="cucumber">
        <method signature="AbstractTestNGCucumberTests.runScenario(io.cucumber.testng.PickleWrapper,io.cucumber.testng.FeatureWrapper)[pri:0, instance:TestRunner@3e8c3cb]" name="runScenario" class="io.cucumber.testng.AbstractTestNGCucumberTests"/>
      </group> <!-- cucumber -->
    </groups>
    <test started-at="2022-12-19T15:56:37 CET" name="Default test" finished-at="2022-12-19T16:02:20 CET" duration-ms="343292">
      <class name="TestRunner">
        <test-method is-config="true" signature="setUpClass(org.testng.ITestContext)[pri:0, instance:TestRunner@3e8c3cb]" started-at="2022-12-19T15:56:37 CET" name="setUpClass" finished-at="2022-12-19T15:56:37 CET" duration-ms="486" status="PASS">
          <params>
            <param index="0">
              <value>
                <![CDATA[org.testng.TestRunner@20864cd1]]>
              </value>
            </param>
          </params>
          <reporter-output>
          </reporter-output>
        </test-method> <!-- setUpClass -->
        <test-method signature="runScenario(io.cucumber.testng.PickleWrapper,io.cucumber.testng.FeatureWrapper)[pri:0, instance:TestRunner@3e8c3cb]" started-at="2022-12-19T15:56:37 CET" name="runScenario" description="Runs Cucumber Scenarios" data-provider="scenarios" finished-at="2022-12-19T15:56:50 CET" duration-ms="12592" status="PASS">
          <params>
            <param index="0">
              <value>
                <![CDATA["Clicar el here amb carrito buit"]]>
              </value>
            </param>
            <param index="1">
              <value>
                <![CDATA["Carrito"]]>
              </value>
            </param>
          </params>
          <reporter-output>
          </reporter-output>
        </test-method> <!-- runScenario -->
        <test-method signature="runScenario(io.cucumber.testng.PickleWrapper,io.cucumber.testng.FeatureWrapper)[pri:0, instance:TestRunner@3e8c3cb]" started-at="2022-12-19T15:56:50 CET" name="runScenario" description="Runs Cucumber Scenarios" data-provider="scenarios" finished-at="2022-12-19T15:57:04 CET" duration-ms="14336" status="PASS">
          <params>
            <param index="0">
              <value>
                <![CDATA["Borrar item del carrito"]]>
              </value>
            </param>
            <param index="1">
              <value>
                <![CDATA["Carrito"]]>
              </value>
            </param>
          </params>
          <reporter-output>
          </reporter-output>
        </test-method> <!-- runScenario -->
        <test-method signature="runScenario(io.cucumber.testng.PickleWrapper,io.cucumber.testng.FeatureWrapper)[pri:0, instance:TestRunner@3e8c3cb]" started-at="2022-12-19T15:57:04 CET" name="runScenario" description="Runs Cucumber Scenarios" data-provider="scenarios" finished-at="2022-12-19T15:57:30 CET" duration-ms="25433" status="PASS">
          <params>
            <param index="0">
              <value>
                <![CDATA["Check quantity in cart"]]>
              </value>
            </param>
            <param index="1">
              <value>
                <![CDATA["Carrito"]]>
              </value>
            </param>
          </params>
          <reporter-output>
          </reporter-output>
        </test-method> <!-- runScenario -->
        <test-method signature="runScenario(io.cucumber.testng.PickleWrapper,io.cucumber.testng.FeatureWrapper)[pri:0, instance:TestRunner@3e8c3cb]" started-at="2022-12-19T15:57:30 CET" name="runScenario" description="Runs Cucumber Scenarios" data-provider="scenarios" finished-at="2022-12-19T15:57:45 CET" duration-ms="15262" status="PASS">
          <params>
            <param index="0">
              <value>
                <![CDATA["Fer el checkout"]]>
              </value>
            </param>
            <param index="1">
              <value>
                <![CDATA["Checkout"]]>
              </value>
            </param>
          </params>
          <reporter-output>
          </reporter-output>
        </test-method> <!-- runScenario -->
        <test-method signature="runScenario(io.cucumber.testng.PickleWrapper,io.cucumber.testng.FeatureWrapper)[pri:0, instance:TestRunner@3e8c3cb]" started-at="2022-12-19T15:57:45 CET" name="runScenario" description="Runs Cucumber Scenarios" data-provider="scenarios" finished-at="2022-12-19T15:57:52 CET" duration-ms="6887" status="PASS">
          <params>
            <param index="0">
              <value>
                <![CDATA["Omplir el formulari de Contact Us"]]>
              </value>
            </param>
            <param index="1">
              <value>
                <![CDATA["Contacte"]]>
              </value>
            </param>
          </params>
          <reporter-output>
          </reporter-output>
        </test-method> <!-- runScenario -->
        <test-method signature="runScenario(io.cucumber.testng.PickleWrapper,io.cucumber.testng.FeatureWrapper)[pri:0, instance:TestRunner@3e8c3cb]" started-at="2022-12-19T15:57:52 CET" name="runScenario" description="Runs Cucumber Scenarios" data-provider="scenarios" finished-at="2022-12-19T15:57:57 CET" duration-ms="5330" status="PASS">
          <params>
            <param index="0">
              <value>
                <![CDATA["Subscriures correctament"]]>
              </value>
            </param>
            <param index="1">
              <value>
                <![CDATA["Subscriures/logout"]]>
              </value>
            </param>
          </params>
          <reporter-output>
          </reporter-output>
        </test-method> <!-- runScenario -->
        <test-method signature="runScenario(io.cucumber.testng.PickleWrapper,io.cucumber.testng.FeatureWrapper)[pri:0, instance:TestRunner@3e8c3cb]" started-at="2022-12-19T15:57:57 CET" name="runScenario" description="Runs Cucumber Scenarios" data-provider="scenarios" finished-at="2022-12-19T15:58:01 CET" duration-ms="4374" status="PASS">
          <params>
            <param index="0">
              <value>
                <![CDATA["Subscriures incorrectament"]]>
              </value>
            </param>
            <param index="1">
              <value>
                <![CDATA["Subscriures/logout"]]>
              </value>
            </param>
          </params>
          <reporter-output>
          </reporter-output>
        </test-method> <!-- runScenario -->
        <test-method signature="runScenario(io.cucumber.testng.PickleWrapper,io.cucumber.testng.FeatureWrapper)[pri:0, instance:TestRunner@3e8c3cb]" started-at="2022-12-19T15:58:01 CET" name="runScenario" description="Runs Cucumber Scenarios" data-provider="scenarios" finished-at="2022-12-19T15:58:10 CET" duration-ms="8926" status="PASS">
          <params>
            <param index="0">
              <value>
                <![CDATA["Sortir del compte"]]>
              </value>
            </param>
            <param index="1">
              <value>
                <![CDATA["Subscriures/logout"]]>
              </value>
            </param>
          </params>
          <reporter-output>
          </reporter-output>
        </test-method> <!-- runScenario -->
        <test-method signature="runScenario(io.cucumber.testng.PickleWrapper,io.cucumber.testng.FeatureWrapper)[pri:0, instance:TestRunner@3e8c3cb]" started-at="2022-12-19T15:58:10 CET" name="runScenario" description="Runs Cucumber Scenarios" data-provider="scenarios" finished-at="2022-12-19T15:58:17 CET" duration-ms="6540" status="PASS">
          <params>
            <param index="0">
              <value>
                <![CDATA["Login Correcte"]]>
              </value>
            </param>
            <param index="1">
              <value>
                <![CDATA["Login"]]>
              </value>
            </param>
          </params>
          <reporter-output>
          </reporter-output>
        </test-method> <!-- runScenario -->
        <test-method signature="runScenario(io.cucumber.testng.PickleWrapper,io.cucumber.testng.FeatureWrapper)[pri:0, instance:TestRunner@3e8c3cb]" started-at="2022-12-19T15:58:17 CET" name="runScenario" description="Runs Cucumber Scenarios" data-provider="scenarios" finished-at="2022-12-19T15:58:21 CET" duration-ms="4494" status="PASS">
          <params>
            <param index="0">
              <value>
                <![CDATA["Login incorrecte"]]>
              </value>
            </param>
            <param index="1">
              <value>
                <![CDATA["Login"]]>
              </value>
            </param>
          </params>
          <reporter-output>
          </reporter-output>
        </test-method> <!-- runScenario -->
        <test-method signature="runScenario(io.cucumber.testng.PickleWrapper,io.cucumber.testng.FeatureWrapper)[pri:0, instance:TestRunner@3e8c3cb]" started-at="2022-12-19T15:58:21 CET" name="runScenario" description="Runs Cucumber Scenarios" data-provider="scenarios" finished-at="2022-12-19T15:58:25 CET" duration-ms="3904" status="PASS">
          <params>
            <param index="0">
              <value>
                <![CDATA["Login incorrecte"]]>
              </value>
            </param>
            <param index="1">
              <value>
                <![CDATA["Login"]]>
              </value>
            </param>
          </params>
          <reporter-output>
          </reporter-output>
        </test-method> <!-- runScenario -->
        <test-method signature="runScenario(io.cucumber.testng.PickleWrapper,io.cucumber.testng.FeatureWrapper)[pri:0, instance:TestRunner@3e8c3cb]" started-at="2022-12-19T15:58:25 CET" name="runScenario" description="Runs Cucumber Scenarios" data-provider="scenarios" finished-at="2022-12-19T15:58:29 CET" duration-ms="4014" status="PASS">
          <params>
            <param index="0">
              <value>
                <![CDATA["Login incorrecte"]]>
              </value>
            </param>
            <param index="1">
              <value>
                <![CDATA["Login"]]>
              </value>
            </param>
          </params>
          <reporter-output>
          </reporter-output>
        </test-method> <!-- runScenario -->
        <test-method signature="runScenario(io.cucumber.testng.PickleWrapper,io.cucumber.testng.FeatureWrapper)[pri:0, instance:TestRunner@3e8c3cb]" started-at="2022-12-19T15:58:29 CET" name="runScenario" description="Runs Cucumber Scenarios" data-provider="scenarios" finished-at="2022-12-19T15:58:35 CET" duration-ms="5325" status="PASS">
          <params>
            <param index="0">
              <value>
                <![CDATA["Busca diferents productes"]]>
              </value>
            </param>
            <param index="1">
              <value>
                <![CDATA["Products"]]>
              </value>
            </param>
          </params>
          <reporter-output>
          </reporter-output>
        </test-method> <!-- runScenario -->
        <test-method signature="runScenario(io.cucumber.testng.PickleWrapper,io.cucumber.testng.FeatureWrapper)[pri:0, instance:TestRunner@3e8c3cb]" started-at="2022-12-19T15:58:35 CET" name="runScenario" description="Runs Cucumber Scenarios" data-provider="scenarios" finished-at="2022-12-19T15:58:40 CET" duration-ms="5628" status="PASS">
          <params>
            <param index="0">
              <value>
                <![CDATA["Busca diferents productes"]]>
              </value>
            </param>
            <param index="1">
              <value>
                <![CDATA["Products"]]>
              </value>
            </param>
          </params>
          <reporter-output>
          </reporter-output>
        </test-method> <!-- runScenario -->
        <test-method signature="runScenario(io.cucumber.testng.PickleWrapper,io.cucumber.testng.FeatureWrapper)[pri:0, instance:TestRunner@3e8c3cb]" started-at="2022-12-19T15:58:40 CET" name="runScenario" description="Runs Cucumber Scenarios" data-provider="scenarios" finished-at="2022-12-19T15:58:47 CET" duration-ms="6579" status="PASS">
          <params>
            <param index="0">
              <value>
                <![CDATA["Busca diferents productes"]]>
              </value>
            </param>
            <param index="1">
              <value>
                <![CDATA["Products"]]>
              </value>
            </param>
          </params>
          <reporter-output>
          </reporter-output>
        </test-method> <!-- runScenario -->
        <test-method signature="runScenario(io.cucumber.testng.PickleWrapper,io.cucumber.testng.FeatureWrapper)[pri:0, instance:TestRunner@3e8c3cb]" started-at="2022-12-19T15:58:47 CET" name="runScenario" description="Runs Cucumber Scenarios" data-provider="scenarios" finished-at="2022-12-19T15:58:53 CET" duration-ms="6383" status="PASS">
          <params>
            <param index="0">
              <value>
                <![CDATA["Busca diferents productes"]]>
              </value>
            </param>
            <param index="1">
              <value>
                <![CDATA["Products"]]>
              </value>
            </param>
          </params>
          <reporter-output>
          </reporter-output>
        </test-method> <!-- runScenario -->
        <test-method signature="runScenario(io.cucumber.testng.PickleWrapper,io.cucumber.testng.FeatureWrapper)[pri:0, instance:TestRunner@3e8c3cb]" started-at="2022-12-19T15:58:53 CET" name="runScenario" description="Runs Cucumber Scenarios" data-provider="scenarios" finished-at="2022-12-19T15:59:07 CET" duration-ms="13585" status="PASS">
          <params>
            <param index="0">
              <value>
                <![CDATA["Buscar productes amb una opció de les categories"]]>
              </value>
            </param>
            <param index="1">
              <value>
                <![CDATA["Products"]]>
              </value>
            </param>
          </params>
          <reporter-output>
          </reporter-output>
        </test-method> <!-- runScenario -->
        <test-method signature="runScenario(io.cucumber.testng.PickleWrapper,io.cucumber.testng.FeatureWrapper)[pri:0, instance:TestRunner@3e8c3cb]" started-at="2022-12-19T15:59:07 CET" name="runScenario" description="Runs Cucumber Scenarios" data-provider="scenarios" finished-at="2022-12-19T15:59:17 CET" duration-ms="10447" status="PASS">
          <params>
            <param index="0">
              <value>
                <![CDATA["Buscar productes amb una opció de les categories"]]>
              </value>
            </param>
            <param index="1">
              <value>
                <![CDATA["Products"]]>
              </value>
            </param>
          </params>
          <reporter-output>
          </reporter-output>
        </test-method> <!-- runScenario -->
        <test-method signature="runScenario(io.cucumber.testng.PickleWrapper,io.cucumber.testng.FeatureWrapper)[pri:0, instance:TestRunner@3e8c3cb]" started-at="2022-12-19T15:59:17 CET" name="runScenario" description="Runs Cucumber Scenarios" data-provider="scenarios" finished-at="2022-12-19T15:59:27 CET" duration-ms="10090" status="PASS">
          <params>
            <param index="0">
              <value>
                <![CDATA["Buscar productes amb una opció de les categories"]]>
              </value>
            </param>
            <param index="1">
              <value>
                <![CDATA["Products"]]>
              </value>
            </param>
          </params>
          <reporter-output>
          </reporter-output>
        </test-method> <!-- runScenario -->
        <test-method signature="runScenario(io.cucumber.testng.PickleWrapper,io.cucumber.testng.FeatureWrapper)[pri:0, instance:TestRunner@3e8c3cb]" started-at="2022-12-19T15:59:27 CET" name="runScenario" description="Runs Cucumber Scenarios" data-provider="scenarios" finished-at="2022-12-19T15:59:37 CET" duration-ms="10132" status="PASS">
          <params>
            <param index="0">
              <value>
                <![CDATA["Buscar productes amb una opció de les categories"]]>
              </value>
            </param>
            <param index="1">
              <value>
                <![CDATA["Products"]]>
              </value>
            </param>
          </params>
          <reporter-output>
          </reporter-output>
        </test-method> <!-- runScenario -->
        <test-method signature="runScenario(io.cucumber.testng.PickleWrapper,io.cucumber.testng.FeatureWrapper)[pri:0, instance:TestRunner@3e8c3cb]" started-at="2022-12-19T15:59:37 CET" name="runScenario" description="Runs Cucumber Scenarios" data-provider="scenarios" finished-at="2022-12-19T15:59:53 CET" duration-ms="15285" status="PASS">
          <params>
            <param index="0">
              <value>
                <![CDATA["Buscar productes amb una opció de les categories"]]>
              </value>
            </param>
            <param index="1">
              <value>
                <![CDATA["Products"]]>
              </value>
            </param>
          </params>
          <reporter-output>
          </reporter-output>
        </test-method> <!-- runScenario -->
        <test-method signature="runScenario(io.cucumber.testng.PickleWrapper,io.cucumber.testng.FeatureWrapper)[pri:0, instance:TestRunner@3e8c3cb]" started-at="2022-12-19T15:59:53 CET" name="runScenario" description="Runs Cucumber Scenarios" data-provider="scenarios" finished-at="2022-12-19T16:00:03 CET" duration-ms="10227" status="PASS">
          <params>
            <param index="0">
              <value>
                <![CDATA["Buscar productes amb una opció de les categories"]]>
              </value>
            </param>
            <param index="1">
              <value>
                <![CDATA["Products"]]>
              </value>
            </param>
          </params>
          <reporter-output>
          </reporter-output>
        </test-method> <!-- runScenario -->
        <test-method signature="runScenario(io.cucumber.testng.PickleWrapper,io.cucumber.testng.FeatureWrapper)[pri:0, instance:TestRunner@3e8c3cb]" started-at="2022-12-19T16:00:03 CET" name="runScenario" description="Runs Cucumber Scenarios" data-provider="scenarios" finished-at="2022-12-19T16:00:14 CET" duration-ms="10619" status="PASS">
          <params>
            <param index="0">
              <value>
                <![CDATA["Buscar productes amb una opció de les categories"]]>
              </value>
            </param>
            <param index="1">
              <value>
                <![CDATA["Products"]]>
              </value>
            </param>
          </params>
          <reporter-output>
          </reporter-output>
        </test-method> <!-- runScenario -->
        <test-method signature="runScenario(io.cucumber.testng.PickleWrapper,io.cucumber.testng.FeatureWrapper)[pri:0, instance:TestRunner@3e8c3cb]" started-at="2022-12-19T16:00:14 CET" name="runScenario" description="Runs Cucumber Scenarios" data-provider="scenarios" finished-at="2022-12-19T16:00:22 CET" duration-ms="8279" status="PASS">
          <params>
            <param index="0">
              <value>
                <![CDATA["Buscar productes amb una opcio de les marques"]]>
              </value>
            </param>
            <param index="1">
              <value>
                <![CDATA["Products"]]>
              </value>
            </param>
          </params>
          <reporter-output>
          </reporter-output>
        </test-method> <!-- runScenario -->
        <test-method signature="runScenario(io.cucumber.testng.PickleWrapper,io.cucumber.testng.FeatureWrapper)[pri:0, instance:TestRunner@3e8c3cb]" started-at="2022-12-19T16:00:22 CET" name="runScenario" description="Runs Cucumber Scenarios" data-provider="scenarios" finished-at="2022-12-19T16:00:32 CET" duration-ms="9709" status="PASS">
          <params>
            <param index="0">
              <value>
                <![CDATA["Buscar productes amb una opcio de les marques"]]>
              </value>
            </param>
            <param index="1">
              <value>
                <![CDATA["Products"]]>
              </value>
            </param>
          </params>
          <reporter-output>
          </reporter-output>
        </test-method> <!-- runScenario -->
        <test-method signature="runScenario(io.cucumber.testng.PickleWrapper,io.cucumber.testng.FeatureWrapper)[pri:0, instance:TestRunner@3e8c3cb]" started-at="2022-12-19T16:00:32 CET" name="runScenario" description="Runs Cucumber Scenarios" data-provider="scenarios" finished-at="2022-12-19T16:00:41 CET" duration-ms="9032" status="PASS">
          <params>
            <param index="0">
              <value>
                <![CDATA["Buscar productes amb una opcio de les marques"]]>
              </value>
            </param>
            <param index="1">
              <value>
                <![CDATA["Products"]]>
              </value>
            </param>
          </params>
          <reporter-output>
          </reporter-output>
        </test-method> <!-- runScenario -->
        <test-method signature="runScenario(io.cucumber.testng.PickleWrapper,io.cucumber.testng.FeatureWrapper)[pri:0, instance:TestRunner@3e8c3cb]" started-at="2022-12-19T16:00:41 CET" name="runScenario" description="Runs Cucumber Scenarios" data-provider="scenarios" finished-at="2022-12-19T16:00:47 CET" duration-ms="6490" status="PASS">
          <params>
            <param index="0">
              <value>
                <![CDATA["Buscar productes amb una opcio de les marques"]]>
              </value>
            </param>
            <param index="1">
              <value>
                <![CDATA["Products"]]>
              </value>
            </param>
          </params>
          <reporter-output>
          </reporter-output>
        </test-method> <!-- runScenario -->
        <test-method signature="runScenario(io.cucumber.testng.PickleWrapper,io.cucumber.testng.FeatureWrapper)[pri:0, instance:TestRunner@3e8c3cb]" started-at="2022-12-19T16:00:47 CET" name="runScenario" description="Runs Cucumber Scenarios" data-provider="scenarios" finished-at="2022-12-19T16:00:55 CET" duration-ms="8207" status="PASS">
          <params>
            <param index="0">
              <value>
                <![CDATA["Buscar productes amb una opcio de les marques"]]>
              </value>
            </param>
            <param index="1">
              <value>
                <![CDATA["Products"]]>
              </value>
            </param>
          </params>
          <reporter-output>
          </reporter-output>
        </test-method> <!-- runScenario -->
        <test-method signature="runScenario(io.cucumber.testng.PickleWrapper,io.cucumber.testng.FeatureWrapper)[pri:0, instance:TestRunner@3e8c3cb]" started-at="2022-12-19T16:00:55 CET" name="runScenario" description="Runs Cucumber Scenarios" data-provider="scenarios" finished-at="2022-12-19T16:01:04 CET" duration-ms="8182" status="PASS">
          <params>
            <param index="0">
              <value>
                <![CDATA["Buscar productes amb una opcio de les marques"]]>
              </value>
            </param>
            <param index="1">
              <value>
                <![CDATA["Products"]]>
              </value>
            </param>
          </params>
          <reporter-output>
          </reporter-output>
        </test-method> <!-- runScenario -->
        <test-method signature="runScenario(io.cucumber.testng.PickleWrapper,io.cucumber.testng.FeatureWrapper)[pri:0, instance:TestRunner@3e8c3cb]" started-at="2022-12-19T16:01:04 CET" name="runScenario" description="Runs Cucumber Scenarios" data-provider="scenarios" finished-at="2022-12-19T16:01:17 CET" duration-ms="13503" status="PASS">
          <params>
            <param index="0">
              <value>
                <![CDATA["Buscar productes amb una opcio de les marques"]]>
              </value>
            </param>
            <param index="1">
              <value>
                <![CDATA["Products"]]>
              </value>
            </param>
          </params>
          <reporter-output>
          </reporter-output>
        </test-method> <!-- runScenario -->
        <test-method signature="runScenario(io.cucumber.testng.PickleWrapper,io.cucumber.testng.FeatureWrapper)[pri:0, instance:TestRunner@3e8c3cb]" started-at="2022-12-19T16:01:17 CET" name="runScenario" description="Runs Cucumber Scenarios" data-provider="scenarios" finished-at="2022-12-19T16:01:25 CET" duration-ms="8117" status="PASS">
          <params>
            <param index="0">
              <value>
                <![CDATA["Buscar productes amb una opcio de les marques"]]>
              </value>
            </param>
            <param index="1">
              <value>
                <![CDATA["Products"]]>
              </value>
            </param>
          </params>
          <reporter-output>
          </reporter-output>
        </test-method> <!-- runScenario -->
        <test-method signature="runScenario(io.cucumber.testng.PickleWrapper,io.cucumber.testng.FeatureWrapper)[pri:0, instance:TestRunner@3e8c3cb]" started-at="2022-12-19T16:01:25 CET" name="runScenario" description="Runs Cucumber Scenarios" data-provider="scenarios" finished-at="2022-12-19T16:01:38 CET" duration-ms="13177" status="PASS">
          <params>
            <param index="0">
              <value>
                <![CDATA["Afegir un producte al carrito i veure que esta al carrito"]]>
              </value>
            </param>
            <param index="1">
              <value>
                <![CDATA["Products"]]>
              </value>
            </param>
          </params>
          <reporter-output>
          </reporter-output>
        </test-method> <!-- runScenario -->
        <test-method signature="runScenario(io.cucumber.testng.PickleWrapper,io.cucumber.testng.FeatureWrapper)[pri:0, instance:TestRunner@3e8c3cb]" started-at="2022-12-19T16:01:38 CET" name="runScenario" description="Runs Cucumber Scenarios" data-provider="scenarios" finished-at="2022-12-19T16:01:43 CET" duration-ms="5055" status="PASS">
          <params>
            <param index="0">
              <value>
                <![CDATA["Consultar informacio de un producte"]]>
              </value>
            </param>
            <param index="1">
              <value>
                <![CDATA["Gestio/Consulta producte"]]>
              </value>
            </param>
          </params>
          <reporter-output>
          </reporter-output>
        </test-method> <!-- runScenario -->
        <test-method signature="runScenario(io.cucumber.testng.PickleWrapper,io.cucumber.testng.FeatureWrapper)[pri:0, instance:TestRunner@3e8c3cb]" started-at="2022-12-19T16:01:43 CET" name="runScenario" description="Runs Cucumber Scenarios" data-provider="scenarios" finished-at="2022-12-19T16:01:53 CET" duration-ms="9453" status="PASS">
          <params>
            <param index="0">
              <value>
                <![CDATA["Afegir un producte al carro i seguir comprant"]]>
              </value>
            </param>
            <param index="1">
              <value>
                <![CDATA["Gestio/Consulta producte"]]>
              </value>
            </param>
          </params>
          <reporter-output>
          </reporter-output>
        </test-method> <!-- runScenario -->
        <test-method signature="runScenario(io.cucumber.testng.PickleWrapper,io.cucumber.testng.FeatureWrapper)[pri:0, instance:TestRunner@3e8c3cb]" started-at="2022-12-19T16:01:53 CET" name="runScenario" description="Runs Cucumber Scenarios" data-provider="scenarios" finished-at="2022-12-19T16:01:59 CET" duration-ms="5778" status="PASS">
          <params>
            <param index="0">
              <value>
                <![CDATA["Veure un producte i afegir una critica"]]>
              </value>
            </param>
            <param index="1">
              <value>
                <![CDATA["Gestio/Consulta producte"]]>
              </value>
            </param>
          </params>
          <reporter-output>
          </reporter-output>
        </test-method> <!-- runScenario -->
        <test-method signature="runScenario(io.cucumber.testng.PickleWrapper,io.cucumber.testng.FeatureWrapper)[pri:0, instance:TestRunner@3e8c3cb]" started-at="2022-12-19T16:01:59 CET" name="runScenario" description="Runs Cucumber Scenarios" data-provider="scenarios" finished-at="2022-12-19T16:02:06 CET" duration-ms="7016" status="PASS">
          <params>
            <param index="0">
              <value>
                <![CDATA["Registrar Usuari"]]>
              </value>
            </param>
            <param index="1">
              <value>
                <![CDATA["Register user"]]>
              </value>
            </param>
          </params>
          <reporter-output>
          </reporter-output>
        </test-method> <!-- runScenario -->
        <test-method signature="runScenario(io.cucumber.testng.PickleWrapper,io.cucumber.testng.FeatureWrapper)[pri:0, instance:TestRunner@3e8c3cb]" started-at="2022-12-19T16:02:06 CET" name="runScenario" description="Runs Cucumber Scenarios" data-provider="scenarios" finished-at="2022-12-19T16:02:13 CET" duration-ms="6936" status="PASS">
          <params>
            <param index="0">
              <value>
                <![CDATA["El usuari borra el compte que acabem de crear"]]>
              </value>
            </param>
            <param index="1">
              <value>
                <![CDATA["Register user"]]>
              </value>
            </param>
          </params>
          <reporter-output>
          </reporter-output>
        </test-method> <!-- runScenario -->
        <test-method signature="runScenario(io.cucumber.testng.PickleWrapper,io.cucumber.testng.FeatureWrapper)[pri:0, instance:TestRunner@3e8c3cb]" started-at="2022-12-19T16:02:13 CET" name="runScenario" description="Runs Cucumber Scenarios" data-provider="scenarios" finished-at="2022-12-19T16:02:20 CET" duration-ms="6939" status="PASS">
          <params>
            <param index="0">
              <value>
                <![CDATA["Registrar incorrectament"]]>
              </value>
            </param>
            <param index="1">
              <value>
                <![CDATA["Register user"]]>
              </value>
            </param>
          </params>
          <reporter-output>
          </reporter-output>
        </test-method> <!-- runScenario -->
        <test-method is-config="true" signature="tearDownClass()[pri:0, instance:TestRunner@3e8c3cb]" started-at="2022-12-19T16:02:20 CET" name="tearDownClass" finished-at="2022-12-19T16:02:20 CET" duration-ms="451" status="PASS">
          <reporter-output>
          </reporter-output>
        </test-method> <!-- tearDownClass -->
      </class> <!-- TestRunner -->
    </test> <!-- Default test -->
  </suite> <!-- Default suite -->
</testng-results>
