<?xml version="1.0" encoding="UTF-8"?>
<testng-results ignored="0" total="32" passed="32" failed="0" skipped="0">
  <reporter-output>
  </reporter-output>
  <suite started-at="2022-12-17T20:04:31 CET" name="Default suite" finished-at="2022-12-17T20:09:32 CET" duration-ms="300306">
    <groups>
      <group name="cucumber">
        <method signature="AbstractTestNGCucumberTests.runScenario(io.cucumber.testng.PickleWrapper,io.cucumber.testng.FeatureWrapper)[pri:0, instance:TestRunner@3e8c3cb]" name="runScenario" class="io.cucumber.testng.AbstractTestNGCucumberTests"/>
      </group> <!-- cucumber -->
    </groups>
    <test started-at="2022-12-17T20:04:31 CET" name="Default test" finished-at="2022-12-17T20:09:32 CET" duration-ms="300306">
      <class name="TestRunner">
        <test-method is-config="true" signature="setUpClass(org.testng.ITestContext)[pri:0, instance:TestRunner@3e8c3cb]" started-at="2022-12-17T20:04:31 CET" name="setUpClass" finished-at="2022-12-17T20:04:32 CET" duration-ms="436" status="PASS">
          <params>
            <param index="0">
              <value>
                <![CDATA[org.testng.TestRunner@4cb24e2]]>
              </value>
            </param>
          </params>
          <reporter-output>
          </reporter-output>
        </test-method> <!-- setUpClass -->
        <test-method signature="runScenario(io.cucumber.testng.PickleWrapper,io.cucumber.testng.FeatureWrapper)[pri:0, instance:TestRunner@3e8c3cb]" started-at="2022-12-17T20:04:32 CET" name="runScenario" description="Runs Cucumber Scenarios" data-provider="scenarios" finished-at="2022-12-17T20:04:51 CET" duration-ms="19047" status="PASS">
          <params>
            <param index="0">
              <value>
                <![CDATA["Clicar el here amb carrito buit"]]>
              </value>
            </param>
            <param index="1">
              <value>
                <![CDATA["Carrito"]]>
              </value>
            </param>
          </params>
          <reporter-output>
          </reporter-output>
        </test-method> <!-- runScenario -->
        <test-method signature="runScenario(io.cucumber.testng.PickleWrapper,io.cucumber.testng.FeatureWrapper)[pri:0, instance:TestRunner@3e8c3cb]" started-at="2022-12-17T20:04:51 CET" name="runScenario" description="Runs Cucumber Scenarios" data-provider="scenarios" finished-at="2022-12-17T20:05:04 CET" duration-ms="12793" status="PASS">
          <params>
            <param index="0">
              <value>
                <![CDATA["Borrar item del carrito"]]>
              </value>
            </param>
            <param index="1">
              <value>
                <![CDATA["Carrito"]]>
              </value>
            </param>
          </params>
          <reporter-output>
          </reporter-output>
        </test-method> <!-- runScenario -->
        <test-method signature="runScenario(io.cucumber.testng.PickleWrapper,io.cucumber.testng.FeatureWrapper)[pri:0, instance:TestRunner@3e8c3cb]" started-at="2022-12-17T20:05:04 CET" name="runScenario" description="Runs Cucumber Scenarios" data-provider="scenarios" finished-at="2022-12-17T20:05:26 CET" duration-ms="22282" status="PASS">
          <params>
            <param index="0">
              <value>
                <![CDATA["Check quantity in cart"]]>
              </value>
            </param>
            <param index="1">
              <value>
                <![CDATA["Carrito"]]>
              </value>
            </param>
          </params>
          <reporter-output>
          </reporter-output>
        </test-method> <!-- runScenario -->
        <test-method signature="runScenario(io.cucumber.testng.PickleWrapper,io.cucumber.testng.FeatureWrapper)[pri:0, instance:TestRunner@3e8c3cb]" started-at="2022-12-17T20:05:26 CET" name="runScenario" description="Runs Cucumber Scenarios" data-provider="scenarios" finished-at="2022-12-17T20:05:49 CET" duration-ms="23269" status="PASS">
          <params>
            <param index="0">
              <value>
                <![CDATA["Fer el checkout"]]>
              </value>
            </param>
            <param index="1">
              <value>
                <![CDATA["Checkout"]]>
              </value>
            </param>
          </params>
          <reporter-output>
          </reporter-output>
        </test-method> <!-- runScenario -->
        <test-method signature="runScenario(io.cucumber.testng.PickleWrapper,io.cucumber.testng.FeatureWrapper)[pri:0, instance:TestRunner@3e8c3cb]" started-at="2022-12-17T20:05:49 CET" name="runScenario" description="Runs Cucumber Scenarios" data-provider="scenarios" finished-at="2022-12-17T20:05:56 CET" duration-ms="6881" status="PASS">
          <params>
            <param index="0">
              <value>
                <![CDATA["Omplir el formulari de Contact Us"]]>
              </value>
            </param>
            <param index="1">
              <value>
                <![CDATA["Contacte"]]>
              </value>
            </param>
          </params>
          <reporter-output>
          </reporter-output>
        </test-method> <!-- runScenario -->
        <test-method signature="runScenario(io.cucumber.testng.PickleWrapper,io.cucumber.testng.FeatureWrapper)[pri:0, instance:TestRunner@3e8c3cb]" started-at="2022-12-17T20:05:56 CET" name="runScenario" description="Runs Cucumber Scenarios" data-provider="scenarios" finished-at="2022-12-17T20:06:05 CET" duration-ms="8732" status="PASS">
          <params>
            <param index="0">
              <value>
                <![CDATA["Login Correcte"]]>
              </value>
            </param>
            <param index="1">
              <value>
                <![CDATA["Login"]]>
              </value>
            </param>
          </params>
          <reporter-output>
          </reporter-output>
        </test-method> <!-- runScenario -->
        <test-method signature="runScenario(io.cucumber.testng.PickleWrapper,io.cucumber.testng.FeatureWrapper)[pri:0, instance:TestRunner@3e8c3cb]" started-at="2022-12-17T20:06:05 CET" name="runScenario" description="Runs Cucumber Scenarios" data-provider="scenarios" finished-at="2022-12-17T20:06:10 CET" duration-ms="5134" status="PASS">
          <params>
            <param index="0">
              <value>
                <![CDATA["Login incorrecte"]]>
              </value>
            </param>
            <param index="1">
              <value>
                <![CDATA["Login"]]>
              </value>
            </param>
          </params>
          <reporter-output>
          </reporter-output>
        </test-method> <!-- runScenario -->
        <test-method signature="runScenario(io.cucumber.testng.PickleWrapper,io.cucumber.testng.FeatureWrapper)[pri:0, instance:TestRunner@3e8c3cb]" started-at="2022-12-17T20:06:10 CET" name="runScenario" description="Runs Cucumber Scenarios" data-provider="scenarios" finished-at="2022-12-17T20:06:17 CET" duration-ms="6690" status="PASS">
          <params>
            <param index="0">
              <value>
                <![CDATA["Login incorrecte"]]>
              </value>
            </param>
            <param index="1">
              <value>
                <![CDATA["Login"]]>
              </value>
            </param>
          </params>
          <reporter-output>
          </reporter-output>
        </test-method> <!-- runScenario -->
        <test-method signature="runScenario(io.cucumber.testng.PickleWrapper,io.cucumber.testng.FeatureWrapper)[pri:0, instance:TestRunner@3e8c3cb]" started-at="2022-12-17T20:06:17 CET" name="runScenario" description="Runs Cucumber Scenarios" data-provider="scenarios" finished-at="2022-12-17T20:06:23 CET" duration-ms="5937" status="PASS">
          <params>
            <param index="0">
              <value>
                <![CDATA["Login incorrecte"]]>
              </value>
            </param>
            <param index="1">
              <value>
                <![CDATA["Login"]]>
              </value>
            </param>
          </params>
          <reporter-output>
          </reporter-output>
        </test-method> <!-- runScenario -->
        <test-method signature="runScenario(io.cucumber.testng.PickleWrapper,io.cucumber.testng.FeatureWrapper)[pri:0, instance:TestRunner@3e8c3cb]" started-at="2022-12-17T20:06:23 CET" name="runScenario" description="Runs Cucumber Scenarios" data-provider="scenarios" finished-at="2022-12-17T20:06:33 CET" duration-ms="9893" status="PASS">
          <params>
            <param index="0">
              <value>
                <![CDATA["Busca productes"]]>
              </value>
            </param>
            <param index="1">
              <value>
                <![CDATA["Products"]]>
              </value>
            </param>
          </params>
          <reporter-output>
          </reporter-output>
        </test-method> <!-- runScenario -->
        <test-method signature="runScenario(io.cucumber.testng.PickleWrapper,io.cucumber.testng.FeatureWrapper)[pri:0, instance:TestRunner@3e8c3cb]" started-at="2022-12-17T20:06:33 CET" name="runScenario" description="Runs Cucumber Scenarios" data-provider="scenarios" finished-at="2022-12-17T20:06:41 CET" duration-ms="8654" status="PASS">
          <params>
            <param index="0">
              <value>
                <![CDATA["Busca productes"]]>
              </value>
            </param>
            <param index="1">
              <value>
                <![CDATA["Products"]]>
              </value>
            </param>
          </params>
          <reporter-output>
          </reporter-output>
        </test-method> <!-- runScenario -->
        <test-method signature="runScenario(io.cucumber.testng.PickleWrapper,io.cucumber.testng.FeatureWrapper)[pri:0, instance:TestRunner@3e8c3cb]" started-at="2022-12-17T20:06:41 CET" name="runScenario" description="Runs Cucumber Scenarios" data-provider="scenarios" finished-at="2022-12-17T20:06:49 CET" duration-ms="7935" status="PASS">
          <params>
            <param index="0">
              <value>
                <![CDATA["Busca productes"]]>
              </value>
            </param>
            <param index="1">
              <value>
                <![CDATA["Products"]]>
              </value>
            </param>
          </params>
          <reporter-output>
          </reporter-output>
        </test-method> <!-- runScenario -->
        <test-method signature="runScenario(io.cucumber.testng.PickleWrapper,io.cucumber.testng.FeatureWrapper)[pri:0, instance:TestRunner@3e8c3cb]" started-at="2022-12-17T20:06:49 CET" name="runScenario" description="Runs Cucumber Scenarios" data-provider="scenarios" finished-at="2022-12-17T20:06:57 CET" duration-ms="7564" status="PASS">
          <params>
            <param index="0">
              <value>
                <![CDATA["Busca productes"]]>
              </value>
            </param>
            <param index="1">
              <value>
                <![CDATA["Products"]]>
              </value>
            </param>
          </params>
          <reporter-output>
          </reporter-output>
        </test-method> <!-- runScenario -->
        <test-method signature="runScenario(io.cucumber.testng.PickleWrapper,io.cucumber.testng.FeatureWrapper)[pri:0, instance:TestRunner@3e8c3cb]" started-at="2022-12-17T20:06:57 CET" name="runScenario" description="Runs Cucumber Scenarios" data-provider="scenarios" finished-at="2022-12-17T20:07:05 CET" duration-ms="8624" status="PASS">
          <params>
            <param index="0">
              <value>
                <![CDATA["Buscar productes amb una opció de les categories"]]>
              </value>
            </param>
            <param index="1">
              <value>
                <![CDATA["Products"]]>
              </value>
            </param>
          </params>
          <reporter-output>
          </reporter-output>
        </test-method> <!-- runScenario -->
        <test-method signature="runScenario(io.cucumber.testng.PickleWrapper,io.cucumber.testng.FeatureWrapper)[pri:0, instance:TestRunner@3e8c3cb]" started-at="2022-12-17T20:07:05 CET" name="runScenario" description="Runs Cucumber Scenarios" data-provider="scenarios" finished-at="2022-12-17T20:07:14 CET" duration-ms="8846" status="PASS">
          <params>
            <param index="0">
              <value>
                <![CDATA["Buscar productes amb una opció de les categories"]]>
              </value>
            </param>
            <param index="1">
              <value>
                <![CDATA["Products"]]>
              </value>
            </param>
          </params>
          <reporter-output>
          </reporter-output>
        </test-method> <!-- runScenario -->
        <test-method signature="runScenario(io.cucumber.testng.PickleWrapper,io.cucumber.testng.FeatureWrapper)[pri:0, instance:TestRunner@3e8c3cb]" started-at="2022-12-17T20:07:14 CET" name="runScenario" description="Runs Cucumber Scenarios" data-provider="scenarios" finished-at="2022-12-17T20:07:24 CET" duration-ms="9403" status="PASS">
          <params>
            <param index="0">
              <value>
                <![CDATA["Buscar productes amb una opció de les categories"]]>
              </value>
            </param>
            <param index="1">
              <value>
                <![CDATA["Products"]]>
              </value>
            </param>
          </params>
          <reporter-output>
          </reporter-output>
        </test-method> <!-- runScenario -->
        <test-method signature="runScenario(io.cucumber.testng.PickleWrapper,io.cucumber.testng.FeatureWrapper)[pri:0, instance:TestRunner@3e8c3cb]" started-at="2022-12-17T20:07:24 CET" name="runScenario" description="Runs Cucumber Scenarios" data-provider="scenarios" finished-at="2022-12-17T20:07:34 CET" duration-ms="10816" status="PASS">
          <params>
            <param index="0">
              <value>
                <![CDATA["Buscar productes amb una opció de les categories"]]>
              </value>
            </param>
            <param index="1">
              <value>
                <![CDATA["Products"]]>
              </value>
            </param>
          </params>
          <reporter-output>
          </reporter-output>
        </test-method> <!-- runScenario -->
        <test-method signature="runScenario(io.cucumber.testng.PickleWrapper,io.cucumber.testng.FeatureWrapper)[pri:0, instance:TestRunner@3e8c3cb]" started-at="2022-12-17T20:07:34 CET" name="runScenario" description="Runs Cucumber Scenarios" data-provider="scenarios" finished-at="2022-12-17T20:07:44 CET" duration-ms="9195" status="PASS">
          <params>
            <param index="0">
              <value>
                <![CDATA["Buscar productes amb una opció de les categories"]]>
              </value>
            </param>
            <param index="1">
              <value>
                <![CDATA["Products"]]>
              </value>
            </param>
          </params>
          <reporter-output>
          </reporter-output>
        </test-method> <!-- runScenario -->
        <test-method signature="runScenario(io.cucumber.testng.PickleWrapper,io.cucumber.testng.FeatureWrapper)[pri:0, instance:TestRunner@3e8c3cb]" started-at="2022-12-17T20:07:44 CET" name="runScenario" description="Runs Cucumber Scenarios" data-provider="scenarios" finished-at="2022-12-17T20:07:53 CET" duration-ms="9276" status="PASS">
          <params>
            <param index="0">
              <value>
                <![CDATA["Buscar productes amb una opció de les categories"]]>
              </value>
            </param>
            <param index="1">
              <value>
                <![CDATA["Products"]]>
              </value>
            </param>
          </params>
          <reporter-output>
          </reporter-output>
        </test-method> <!-- runScenario -->
        <test-method signature="runScenario(io.cucumber.testng.PickleWrapper,io.cucumber.testng.FeatureWrapper)[pri:0, instance:TestRunner@3e8c3cb]" started-at="2022-12-17T20:07:53 CET" name="runScenario" description="Runs Cucumber Scenarios" data-provider="scenarios" finished-at="2022-12-17T20:08:04 CET" duration-ms="10616" status="PASS">
          <params>
            <param index="0">
              <value>
                <![CDATA["Buscar productes amb una opció de les categories"]]>
              </value>
            </param>
            <param index="1">
              <value>
                <![CDATA["Products"]]>
              </value>
            </param>
          </params>
          <reporter-output>
          </reporter-output>
        </test-method> <!-- runScenario -->
        <test-method signature="runScenario(io.cucumber.testng.PickleWrapper,io.cucumber.testng.FeatureWrapper)[pri:0, instance:TestRunner@3e8c3cb]" started-at="2022-12-17T20:08:04 CET" name="runScenario" description="Runs Cucumber Scenarios" data-provider="scenarios" finished-at="2022-12-17T20:08:12 CET" duration-ms="8204" status="PASS">
          <params>
            <param index="0">
              <value>
                <![CDATA["Buscar productes amb una opcio de les marques"]]>
              </value>
            </param>
            <param index="1">
              <value>
                <![CDATA["Products"]]>
              </value>
            </param>
          </params>
          <reporter-output>
          </reporter-output>
        </test-method> <!-- runScenario -->
        <test-method signature="runScenario(io.cucumber.testng.PickleWrapper,io.cucumber.testng.FeatureWrapper)[pri:0, instance:TestRunner@3e8c3cb]" started-at="2022-12-17T20:08:12 CET" name="runScenario" description="Runs Cucumber Scenarios" data-provider="scenarios" finished-at="2022-12-17T20:08:19 CET" duration-ms="7595" status="PASS">
          <params>
            <param index="0">
              <value>
                <![CDATA["Buscar productes amb una opcio de les marques"]]>
              </value>
            </param>
            <param index="1">
              <value>
                <![CDATA["Products"]]>
              </value>
            </param>
          </params>
          <reporter-output>
          </reporter-output>
        </test-method> <!-- runScenario -->
        <test-method signature="runScenario(io.cucumber.testng.PickleWrapper,io.cucumber.testng.FeatureWrapper)[pri:0, instance:TestRunner@3e8c3cb]" started-at="2022-12-17T20:08:19 CET" name="runScenario" description="Runs Cucumber Scenarios" data-provider="scenarios" finished-at="2022-12-17T20:08:27 CET" duration-ms="7847" status="PASS">
          <params>
            <param index="0">
              <value>
                <![CDATA["Buscar productes amb una opcio de les marques"]]>
              </value>
            </param>
            <param index="1">
              <value>
                <![CDATA["Products"]]>
              </value>
            </param>
          </params>
          <reporter-output>
          </reporter-output>
        </test-method> <!-- runScenario -->
        <test-method signature="runScenario(io.cucumber.testng.PickleWrapper,io.cucumber.testng.FeatureWrapper)[pri:0, instance:TestRunner@3e8c3cb]" started-at="2022-12-17T20:08:27 CET" name="runScenario" description="Runs Cucumber Scenarios" data-provider="scenarios" finished-at="2022-12-17T20:08:34 CET" duration-ms="6517" status="PASS">
          <params>
            <param index="0">
              <value>
                <![CDATA["Buscar productes amb una opcio de les marques"]]>
              </value>
            </param>
            <param index="1">
              <value>
                <![CDATA["Products"]]>
              </value>
            </param>
          </params>
          <reporter-output>
          </reporter-output>
        </test-method> <!-- runScenario -->
        <test-method signature="runScenario(io.cucumber.testng.PickleWrapper,io.cucumber.testng.FeatureWrapper)[pri:0, instance:TestRunner@3e8c3cb]" started-at="2022-12-17T20:08:34 CET" name="runScenario" description="Runs Cucumber Scenarios" data-provider="scenarios" finished-at="2022-12-17T20:08:40 CET" duration-ms="6609" status="PASS">
          <params>
            <param index="0">
              <value>
                <![CDATA["Buscar productes amb una opcio de les marques"]]>
              </value>
            </param>
            <param index="1">
              <value>
                <![CDATA["Products"]]>
              </value>
            </param>
          </params>
          <reporter-output>
          </reporter-output>
        </test-method> <!-- runScenario -->
        <test-method signature="runScenario(io.cucumber.testng.PickleWrapper,io.cucumber.testng.FeatureWrapper)[pri:0, instance:TestRunner@3e8c3cb]" started-at="2022-12-17T20:08:40 CET" name="runScenario" description="Runs Cucumber Scenarios" data-provider="scenarios" finished-at="2022-12-17T20:08:47 CET" duration-ms="6434" status="PASS">
          <params>
            <param index="0">
              <value>
                <![CDATA["Buscar productes amb una opcio de les marques"]]>
              </value>
            </param>
            <param index="1">
              <value>
                <![CDATA["Products"]]>
              </value>
            </param>
          </params>
          <reporter-output>
          </reporter-output>
        </test-method> <!-- runScenario -->
        <test-method signature="runScenario(io.cucumber.testng.PickleWrapper,io.cucumber.testng.FeatureWrapper)[pri:0, instance:TestRunner@3e8c3cb]" started-at="2022-12-17T20:08:47 CET" name="runScenario" description="Runs Cucumber Scenarios" data-provider="scenarios" finished-at="2022-12-17T20:08:53 CET" duration-ms="6480" status="PASS">
          <params>
            <param index="0">
              <value>
                <![CDATA["Buscar productes amb una opcio de les marques"]]>
              </value>
            </param>
            <param index="1">
              <value>
                <![CDATA["Products"]]>
              </value>
            </param>
          </params>
          <reporter-output>
          </reporter-output>
        </test-method> <!-- runScenario -->
        <test-method signature="runScenario(io.cucumber.testng.PickleWrapper,io.cucumber.testng.FeatureWrapper)[pri:0, instance:TestRunner@3e8c3cb]" started-at="2022-12-17T20:08:53 CET" name="runScenario" description="Runs Cucumber Scenarios" data-provider="scenarios" finished-at="2022-12-17T20:09:01 CET" duration-ms="7385" status="PASS">
          <params>
            <param index="0">
              <value>
                <![CDATA["Buscar productes amb una opcio de les marques"]]>
              </value>
            </param>
            <param index="1">
              <value>
                <![CDATA["Products"]]>
              </value>
            </param>
          </params>
          <reporter-output>
          </reporter-output>
        </test-method> <!-- runScenario -->
        <test-method signature="runScenario(io.cucumber.testng.PickleWrapper,io.cucumber.testng.FeatureWrapper)[pri:0, instance:TestRunner@3e8c3cb]" started-at="2022-12-17T20:09:01 CET" name="runScenario" description="Runs Cucumber Scenarios" data-provider="scenarios" finished-at="2022-12-17T20:09:11 CET" duration-ms="9972" status="PASS">
          <params>
            <param index="0">
              <value>
                <![CDATA["Afegir un producte al carrito i veure que esta al carrito"]]>
              </value>
            </param>
            <param index="1">
              <value>
                <![CDATA["Products"]]>
              </value>
            </param>
          </params>
          <reporter-output>
          </reporter-output>
        </test-method> <!-- runScenario -->
        <test-method signature="runScenario(io.cucumber.testng.PickleWrapper,io.cucumber.testng.FeatureWrapper)[pri:0, instance:TestRunner@3e8c3cb]" started-at="2022-12-17T20:09:11 CET" name="runScenario" description="Runs Cucumber Scenarios" data-provider="scenarios" finished-at="2022-12-17T20:09:17 CET" duration-ms="6272" status="PASS">
          <params>
            <param index="0">
              <value>
                <![CDATA["Registrar Usuari"]]>
              </value>
            </param>
            <param index="1">
              <value>
                <![CDATA["Register user"]]>
              </value>
            </param>
          </params>
          <reporter-output>
          </reporter-output>
        </test-method> <!-- runScenario -->
        <test-method signature="runScenario(io.cucumber.testng.PickleWrapper,io.cucumber.testng.FeatureWrapper)[pri:0, instance:TestRunner@3e8c3cb]" started-at="2022-12-17T20:09:17 CET" name="runScenario" description="Runs Cucumber Scenarios" data-provider="scenarios" finished-at="2022-12-17T20:09:25 CET" duration-ms="7882" status="PASS">
          <params>
            <param index="0">
              <value>
                <![CDATA["El usuari borra el compte que acabem de crear"]]>
              </value>
            </param>
            <param index="1">
              <value>
                <![CDATA["Register user"]]>
              </value>
            </param>
          </params>
          <reporter-output>
          </reporter-output>
        </test-method> <!-- runScenario -->
        <test-method signature="runScenario(io.cucumber.testng.PickleWrapper,io.cucumber.testng.FeatureWrapper)[pri:0, instance:TestRunner@3e8c3cb]" started-at="2022-12-17T20:09:25 CET" name="runScenario" description="Runs Cucumber Scenarios" data-provider="scenarios" finished-at="2022-12-17T20:09:31 CET" duration-ms="6426" status="PASS">
          <params>
            <param index="0">
              <value>
                <![CDATA["Registrar incorrectament"]]>
              </value>
            </param>
            <param index="1">
              <value>
                <![CDATA["Register user"]]>
              </value>
            </param>
          </params>
          <reporter-output>
          </reporter-output>
        </test-method> <!-- runScenario -->
        <test-method is-config="true" signature="tearDownClass()[pri:0, instance:TestRunner@3e8c3cb]" started-at="2022-12-17T20:09:31 CET" name="tearDownClass" finished-at="2022-12-17T20:09:32 CET" duration-ms="567" status="PASS">
          <reporter-output>
          </reporter-output>
        </test-method> <!-- tearDownClass -->
      </class> <!-- TestRunner -->
    </test> <!-- Default test -->
  </suite> <!-- Default suite -->
</testng-results>
