<?xml version="1.0" encoding="UTF-8"?>
<testng-results ignored="0" total="31" passed="31" failed="0" skipped="0">
  <reporter-output>
  </reporter-output>
  <suite started-at="2022-12-17T19:11:40 CET" name="Default suite" finished-at="2022-12-17T19:16:35 CET" duration-ms="295147">
    <groups>
      <group name="cucumber">
        <method signature="AbstractTestNGCucumberTests.runScenario(io.cucumber.testng.PickleWrapper,io.cucumber.testng.FeatureWrapper)[pri:0, instance:TestRunner@3e8c3cb]" name="runScenario" class="io.cucumber.testng.AbstractTestNGCucumberTests"/>
      </group> <!-- cucumber -->
    </groups>
    <test started-at="2022-12-17T19:11:40 CET" name="Default test" finished-at="2022-12-17T19:16:35 CET" duration-ms="295147">
      <class name="TestRunner">
        <test-method is-config="true" signature="setUpClass(org.testng.ITestContext)[pri:0, instance:TestRunner@3e8c3cb]" started-at="2022-12-17T19:11:40 CET" name="setUpClass" finished-at="2022-12-17T19:11:40 CET" duration-ms="353" status="PASS">
          <params>
            <param index="0">
              <value>
                <![CDATA[org.testng.TestRunner@41f785e3]]>
              </value>
            </param>
          </params>
          <reporter-output>
          </reporter-output>
        </test-method> <!-- setUpClass -->
        <test-method signature="runScenario(io.cucumber.testng.PickleWrapper,io.cucumber.testng.FeatureWrapper)[pri:0, instance:TestRunner@3e8c3cb]" started-at="2022-12-17T19:11:40 CET" name="runScenario" description="Runs Cucumber Scenarios" data-provider="scenarios" finished-at="2022-12-17T19:11:52 CET" duration-ms="11602" status="PASS">
          <params>
            <param index="0">
              <value>
                <![CDATA["Clicar el here amb carrito buit"]]>
              </value>
            </param>
            <param index="1">
              <value>
                <![CDATA["Carrito"]]>
              </value>
            </param>
          </params>
          <reporter-output>
          </reporter-output>
        </test-method> <!-- runScenario -->
        <test-method signature="runScenario(io.cucumber.testng.PickleWrapper,io.cucumber.testng.FeatureWrapper)[pri:0, instance:TestRunner@3e8c3cb]" started-at="2022-12-17T19:11:52 CET" name="runScenario" description="Runs Cucumber Scenarios" data-provider="scenarios" finished-at="2022-12-17T19:12:04 CET" duration-ms="12071" status="PASS">
          <params>
            <param index="0">
              <value>
                <![CDATA["Borrar item del carrito"]]>
              </value>
            </param>
            <param index="1">
              <value>
                <![CDATA["Carrito"]]>
              </value>
            </param>
          </params>
          <reporter-output>
          </reporter-output>
        </test-method> <!-- runScenario -->
        <test-method signature="runScenario(io.cucumber.testng.PickleWrapper,io.cucumber.testng.FeatureWrapper)[pri:0, instance:TestRunner@3e8c3cb]" started-at="2022-12-17T19:12:04 CET" name="runScenario" description="Runs Cucumber Scenarios" data-provider="scenarios" finished-at="2022-12-17T19:12:26 CET" duration-ms="22597" status="PASS">
          <params>
            <param index="0">
              <value>
                <![CDATA["Check quantity in cart"]]>
              </value>
            </param>
            <param index="1">
              <value>
                <![CDATA["Carrito"]]>
              </value>
            </param>
          </params>
          <reporter-output>
          </reporter-output>
        </test-method> <!-- runScenario -->
        <test-method signature="runScenario(io.cucumber.testng.PickleWrapper,io.cucumber.testng.FeatureWrapper)[pri:0, instance:TestRunner@3e8c3cb]" started-at="2022-12-17T19:12:26 CET" name="runScenario" description="Runs Cucumber Scenarios" data-provider="scenarios" finished-at="2022-12-17T19:12:31 CET" duration-ms="5085" status="PASS">
          <params>
            <param index="0">
              <value>
                <![CDATA["Omplir el formulari de Contact Us"]]>
              </value>
            </param>
            <param index="1">
              <value>
                <![CDATA["Contacte"]]>
              </value>
            </param>
          </params>
          <reporter-output>
          </reporter-output>
        </test-method> <!-- runScenario -->
        <test-method signature="runScenario(io.cucumber.testng.PickleWrapper,io.cucumber.testng.FeatureWrapper)[pri:0, instance:TestRunner@3e8c3cb]" started-at="2022-12-17T19:12:31 CET" name="runScenario" description="Runs Cucumber Scenarios" data-provider="scenarios" finished-at="2022-12-17T19:12:39 CET" duration-ms="7675" status="PASS">
          <params>
            <param index="0">
              <value>
                <![CDATA["Login Correcte"]]>
              </value>
            </param>
            <param index="1">
              <value>
                <![CDATA["Login"]]>
              </value>
            </param>
          </params>
          <reporter-output>
          </reporter-output>
        </test-method> <!-- runScenario -->
        <test-method signature="runScenario(io.cucumber.testng.PickleWrapper,io.cucumber.testng.FeatureWrapper)[pri:0, instance:TestRunner@3e8c3cb]" started-at="2022-12-17T19:12:39 CET" name="runScenario" description="Runs Cucumber Scenarios" data-provider="scenarios" finished-at="2022-12-17T19:12:44 CET" duration-ms="5064" status="PASS">
          <params>
            <param index="0">
              <value>
                <![CDATA["Login incorrecte"]]>
              </value>
            </param>
            <param index="1">
              <value>
                <![CDATA["Login"]]>
              </value>
            </param>
          </params>
          <reporter-output>
          </reporter-output>
        </test-method> <!-- runScenario -->
        <test-method signature="runScenario(io.cucumber.testng.PickleWrapper,io.cucumber.testng.FeatureWrapper)[pri:0, instance:TestRunner@3e8c3cb]" started-at="2022-12-17T19:12:44 CET" name="runScenario" description="Runs Cucumber Scenarios" data-provider="scenarios" finished-at="2022-12-17T19:12:49 CET" duration-ms="4816" status="PASS">
          <params>
            <param index="0">
              <value>
                <![CDATA["Login incorrecte"]]>
              </value>
            </param>
            <param index="1">
              <value>
                <![CDATA["Login"]]>
              </value>
            </param>
          </params>
          <reporter-output>
          </reporter-output>
        </test-method> <!-- runScenario -->
        <test-method signature="runScenario(io.cucumber.testng.PickleWrapper,io.cucumber.testng.FeatureWrapper)[pri:0, instance:TestRunner@3e8c3cb]" started-at="2022-12-17T19:12:49 CET" name="runScenario" description="Runs Cucumber Scenarios" data-provider="scenarios" finished-at="2022-12-17T19:12:54 CET" duration-ms="5478" status="PASS">
          <params>
            <param index="0">
              <value>
                <![CDATA["Login incorrecte"]]>
              </value>
            </param>
            <param index="1">
              <value>
                <![CDATA["Login"]]>
              </value>
            </param>
          </params>
          <reporter-output>
          </reporter-output>
        </test-method> <!-- runScenario -->
        <test-method signature="runScenario(io.cucumber.testng.PickleWrapper,io.cucumber.testng.FeatureWrapper)[pri:0, instance:TestRunner@3e8c3cb]" started-at="2022-12-17T19:12:54 CET" name="runScenario" description="Runs Cucumber Scenarios" data-provider="scenarios" finished-at="2022-12-17T19:13:04 CET" duration-ms="9816" status="PASS">
          <params>
            <param index="0">
              <value>
                <![CDATA["Busca productes"]]>
              </value>
            </param>
            <param index="1">
              <value>
                <![CDATA["Products"]]>
              </value>
            </param>
          </params>
          <reporter-output>
          </reporter-output>
        </test-method> <!-- runScenario -->
        <test-method signature="runScenario(io.cucumber.testng.PickleWrapper,io.cucumber.testng.FeatureWrapper)[pri:0, instance:TestRunner@3e8c3cb]" started-at="2022-12-17T19:13:04 CET" name="runScenario" description="Runs Cucumber Scenarios" data-provider="scenarios" finished-at="2022-12-17T19:13:18 CET" duration-ms="14078" status="PASS">
          <params>
            <param index="0">
              <value>
                <![CDATA["Busca productes"]]>
              </value>
            </param>
            <param index="1">
              <value>
                <![CDATA["Products"]]>
              </value>
            </param>
          </params>
          <reporter-output>
          </reporter-output>
        </test-method> <!-- runScenario -->
        <test-method signature="runScenario(io.cucumber.testng.PickleWrapper,io.cucumber.testng.FeatureWrapper)[pri:0, instance:TestRunner@3e8c3cb]" started-at="2022-12-17T19:13:18 CET" name="runScenario" description="Runs Cucumber Scenarios" data-provider="scenarios" finished-at="2022-12-17T19:13:27 CET" duration-ms="8344" status="PASS">
          <params>
            <param index="0">
              <value>
                <![CDATA["Busca productes"]]>
              </value>
            </param>
            <param index="1">
              <value>
                <![CDATA["Products"]]>
              </value>
            </param>
          </params>
          <reporter-output>
          </reporter-output>
        </test-method> <!-- runScenario -->
        <test-method signature="runScenario(io.cucumber.testng.PickleWrapper,io.cucumber.testng.FeatureWrapper)[pri:0, instance:TestRunner@3e8c3cb]" started-at="2022-12-17T19:13:27 CET" name="runScenario" description="Runs Cucumber Scenarios" data-provider="scenarios" finished-at="2022-12-17T19:13:35 CET" duration-ms="8359" status="PASS">
          <params>
            <param index="0">
              <value>
                <![CDATA["Busca productes"]]>
              </value>
            </param>
            <param index="1">
              <value>
                <![CDATA["Products"]]>
              </value>
            </param>
          </params>
          <reporter-output>
          </reporter-output>
        </test-method> <!-- runScenario -->
        <test-method signature="runScenario(io.cucumber.testng.PickleWrapper,io.cucumber.testng.FeatureWrapper)[pri:0, instance:TestRunner@3e8c3cb]" started-at="2022-12-17T19:13:35 CET" name="runScenario" description="Runs Cucumber Scenarios" data-provider="scenarios" finished-at="2022-12-17T19:13:43 CET" duration-ms="8332" status="PASS">
          <params>
            <param index="0">
              <value>
                <![CDATA["Buscar productes amb una opció de les categories"]]>
              </value>
            </param>
            <param index="1">
              <value>
                <![CDATA["Products"]]>
              </value>
            </param>
          </params>
          <reporter-output>
          </reporter-output>
        </test-method> <!-- runScenario -->
        <test-method signature="runScenario(io.cucumber.testng.PickleWrapper,io.cucumber.testng.FeatureWrapper)[pri:0, instance:TestRunner@3e8c3cb]" started-at="2022-12-17T19:13:43 CET" name="runScenario" description="Runs Cucumber Scenarios" data-provider="scenarios" finished-at="2022-12-17T19:13:52 CET" duration-ms="8985" status="PASS">
          <params>
            <param index="0">
              <value>
                <![CDATA["Buscar productes amb una opció de les categories"]]>
              </value>
            </param>
            <param index="1">
              <value>
                <![CDATA["Products"]]>
              </value>
            </param>
          </params>
          <reporter-output>
          </reporter-output>
        </test-method> <!-- runScenario -->
        <test-method signature="runScenario(io.cucumber.testng.PickleWrapper,io.cucumber.testng.FeatureWrapper)[pri:0, instance:TestRunner@3e8c3cb]" started-at="2022-12-17T19:13:52 CET" name="runScenario" description="Runs Cucumber Scenarios" data-provider="scenarios" finished-at="2022-12-17T19:14:02 CET" duration-ms="9342" status="PASS">
          <params>
            <param index="0">
              <value>
                <![CDATA["Buscar productes amb una opció de les categories"]]>
              </value>
            </param>
            <param index="1">
              <value>
                <![CDATA["Products"]]>
              </value>
            </param>
          </params>
          <reporter-output>
          </reporter-output>
        </test-method> <!-- runScenario -->
        <test-method signature="runScenario(io.cucumber.testng.PickleWrapper,io.cucumber.testng.FeatureWrapper)[pri:0, instance:TestRunner@3e8c3cb]" started-at="2022-12-17T19:14:02 CET" name="runScenario" description="Runs Cucumber Scenarios" data-provider="scenarios" finished-at="2022-12-17T19:14:11 CET" duration-ms="9728" status="PASS">
          <params>
            <param index="0">
              <value>
                <![CDATA["Buscar productes amb una opció de les categories"]]>
              </value>
            </param>
            <param index="1">
              <value>
                <![CDATA["Products"]]>
              </value>
            </param>
          </params>
          <reporter-output>
          </reporter-output>
        </test-method> <!-- runScenario -->
        <test-method signature="runScenario(io.cucumber.testng.PickleWrapper,io.cucumber.testng.FeatureWrapper)[pri:0, instance:TestRunner@3e8c3cb]" started-at="2022-12-17T19:14:11 CET" name="runScenario" description="Runs Cucumber Scenarios" data-provider="scenarios" finished-at="2022-12-17T19:14:20 CET" duration-ms="8581" status="PASS">
          <params>
            <param index="0">
              <value>
                <![CDATA["Buscar productes amb una opció de les categories"]]>
              </value>
            </param>
            <param index="1">
              <value>
                <![CDATA["Products"]]>
              </value>
            </param>
          </params>
          <reporter-output>
          </reporter-output>
        </test-method> <!-- runScenario -->
        <test-method signature="runScenario(io.cucumber.testng.PickleWrapper,io.cucumber.testng.FeatureWrapper)[pri:0, instance:TestRunner@3e8c3cb]" started-at="2022-12-17T19:14:20 CET" name="runScenario" description="Runs Cucumber Scenarios" data-provider="scenarios" finished-at="2022-12-17T19:14:30 CET" duration-ms="10413" status="PASS">
          <params>
            <param index="0">
              <value>
                <![CDATA["Buscar productes amb una opció de les categories"]]>
              </value>
            </param>
            <param index="1">
              <value>
                <![CDATA["Products"]]>
              </value>
            </param>
          </params>
          <reporter-output>
          </reporter-output>
        </test-method> <!-- runScenario -->
        <test-method signature="runScenario(io.cucumber.testng.PickleWrapper,io.cucumber.testng.FeatureWrapper)[pri:0, instance:TestRunner@3e8c3cb]" started-at="2022-12-17T19:14:30 CET" name="runScenario" description="Runs Cucumber Scenarios" data-provider="scenarios" finished-at="2022-12-17T19:14:45 CET" duration-ms="14684" status="PASS">
          <params>
            <param index="0">
              <value>
                <![CDATA["Buscar productes amb una opció de les categories"]]>
              </value>
            </param>
            <param index="1">
              <value>
                <![CDATA["Products"]]>
              </value>
            </param>
          </params>
          <reporter-output>
          </reporter-output>
        </test-method> <!-- runScenario -->
        <test-method signature="runScenario(io.cucumber.testng.PickleWrapper,io.cucumber.testng.FeatureWrapper)[pri:0, instance:TestRunner@3e8c3cb]" started-at="2022-12-17T19:14:45 CET" name="runScenario" description="Runs Cucumber Scenarios" data-provider="scenarios" finished-at="2022-12-17T19:14:54 CET" duration-ms="8703" status="PASS">
          <params>
            <param index="0">
              <value>
                <![CDATA["Buscar productes amb una opcio de les marques"]]>
              </value>
            </param>
            <param index="1">
              <value>
                <![CDATA["Products"]]>
              </value>
            </param>
          </params>
          <reporter-output>
          </reporter-output>
        </test-method> <!-- runScenario -->
        <test-method signature="runScenario(io.cucumber.testng.PickleWrapper,io.cucumber.testng.FeatureWrapper)[pri:0, instance:TestRunner@3e8c3cb]" started-at="2022-12-17T19:14:54 CET" name="runScenario" description="Runs Cucumber Scenarios" data-provider="scenarios" finished-at="2022-12-17T19:15:02 CET" duration-ms="8339" status="PASS">
          <params>
            <param index="0">
              <value>
                <![CDATA["Buscar productes amb una opcio de les marques"]]>
              </value>
            </param>
            <param index="1">
              <value>
                <![CDATA["Products"]]>
              </value>
            </param>
          </params>
          <reporter-output>
          </reporter-output>
        </test-method> <!-- runScenario -->
        <test-method signature="runScenario(io.cucumber.testng.PickleWrapper,io.cucumber.testng.FeatureWrapper)[pri:0, instance:TestRunner@3e8c3cb]" started-at="2022-12-17T19:15:02 CET" name="runScenario" description="Runs Cucumber Scenarios" data-provider="scenarios" finished-at="2022-12-17T19:15:10 CET" duration-ms="7749" status="PASS">
          <params>
            <param index="0">
              <value>
                <![CDATA["Buscar productes amb una opcio de les marques"]]>
              </value>
            </param>
            <param index="1">
              <value>
                <![CDATA["Products"]]>
              </value>
            </param>
          </params>
          <reporter-output>
          </reporter-output>
        </test-method> <!-- runScenario -->
        <test-method signature="runScenario(io.cucumber.testng.PickleWrapper,io.cucumber.testng.FeatureWrapper)[pri:0, instance:TestRunner@3e8c3cb]" started-at="2022-12-17T19:15:10 CET" name="runScenario" description="Runs Cucumber Scenarios" data-provider="scenarios" finished-at="2022-12-17T19:15:17 CET" duration-ms="6766" status="PASS">
          <params>
            <param index="0">
              <value>
                <![CDATA["Buscar productes amb una opcio de les marques"]]>
              </value>
            </param>
            <param index="1">
              <value>
                <![CDATA["Products"]]>
              </value>
            </param>
          </params>
          <reporter-output>
          </reporter-output>
        </test-method> <!-- runScenario -->
        <test-method signature="runScenario(io.cucumber.testng.PickleWrapper,io.cucumber.testng.FeatureWrapper)[pri:0, instance:TestRunner@3e8c3cb]" started-at="2022-12-17T19:15:17 CET" name="runScenario" description="Runs Cucumber Scenarios" data-provider="scenarios" finished-at="2022-12-17T19:15:25 CET" duration-ms="8146" status="PASS">
          <params>
            <param index="0">
              <value>
                <![CDATA["Buscar productes amb una opcio de les marques"]]>
              </value>
            </param>
            <param index="1">
              <value>
                <![CDATA["Products"]]>
              </value>
            </param>
          </params>
          <reporter-output>
          </reporter-output>
        </test-method> <!-- runScenario -->
        <test-method signature="runScenario(io.cucumber.testng.PickleWrapper,io.cucumber.testng.FeatureWrapper)[pri:0, instance:TestRunner@3e8c3cb]" started-at="2022-12-17T19:15:25 CET" name="runScenario" description="Runs Cucumber Scenarios" data-provider="scenarios" finished-at="2022-12-17T19:15:35 CET" duration-ms="10233" status="PASS">
          <params>
            <param index="0">
              <value>
                <![CDATA["Buscar productes amb una opcio de les marques"]]>
              </value>
            </param>
            <param index="1">
              <value>
                <![CDATA["Products"]]>
              </value>
            </param>
          </params>
          <reporter-output>
          </reporter-output>
        </test-method> <!-- runScenario -->
        <test-method signature="runScenario(io.cucumber.testng.PickleWrapper,io.cucumber.testng.FeatureWrapper)[pri:0, instance:TestRunner@3e8c3cb]" started-at="2022-12-17T19:15:35 CET" name="runScenario" description="Runs Cucumber Scenarios" data-provider="scenarios" finished-at="2022-12-17T19:15:47 CET" duration-ms="12315" status="PASS">
          <params>
            <param index="0">
              <value>
                <![CDATA["Buscar productes amb una opcio de les marques"]]>
              </value>
            </param>
            <param index="1">
              <value>
                <![CDATA["Products"]]>
              </value>
            </param>
          </params>
          <reporter-output>
          </reporter-output>
        </test-method> <!-- runScenario -->
        <test-method signature="runScenario(io.cucumber.testng.PickleWrapper,io.cucumber.testng.FeatureWrapper)[pri:0, instance:TestRunner@3e8c3cb]" started-at="2022-12-17T19:15:47 CET" name="runScenario" description="Runs Cucumber Scenarios" data-provider="scenarios" finished-at="2022-12-17T19:15:56 CET" duration-ms="8437" status="PASS">
          <params>
            <param index="0">
              <value>
                <![CDATA["Buscar productes amb una opcio de les marques"]]>
              </value>
            </param>
            <param index="1">
              <value>
                <![CDATA["Products"]]>
              </value>
            </param>
          </params>
          <reporter-output>
          </reporter-output>
        </test-method> <!-- runScenario -->
        <test-method signature="runScenario(io.cucumber.testng.PickleWrapper,io.cucumber.testng.FeatureWrapper)[pri:0, instance:TestRunner@3e8c3cb]" started-at="2022-12-17T19:15:56 CET" name="runScenario" description="Runs Cucumber Scenarios" data-provider="scenarios" finished-at="2022-12-17T19:16:10 CET" duration-ms="14204" status="PASS">
          <params>
            <param index="0">
              <value>
                <![CDATA["Afegir un producte al carrito i veure que esta al carrito"]]>
              </value>
            </param>
            <param index="1">
              <value>
                <![CDATA["Products"]]>
              </value>
            </param>
          </params>
          <reporter-output>
          </reporter-output>
        </test-method> <!-- runScenario -->
        <test-method signature="runScenario(io.cucumber.testng.PickleWrapper,io.cucumber.testng.FeatureWrapper)[pri:0, instance:TestRunner@3e8c3cb]" started-at="2022-12-17T19:16:10 CET" name="runScenario" description="Runs Cucumber Scenarios" data-provider="scenarios" finished-at="2022-12-17T19:16:17 CET" duration-ms="6772" status="PASS">
          <params>
            <param index="0">
              <value>
                <![CDATA["Registrar Usuari"]]>
              </value>
            </param>
            <param index="1">
              <value>
                <![CDATA["Register user"]]>
              </value>
            </param>
          </params>
          <reporter-output>
          </reporter-output>
        </test-method> <!-- runScenario -->
        <test-method signature="runScenario(io.cucumber.testng.PickleWrapper,io.cucumber.testng.FeatureWrapper)[pri:0, instance:TestRunner@3e8c3cb]" started-at="2022-12-17T19:16:17 CET" name="runScenario" description="Runs Cucumber Scenarios" data-provider="scenarios" finished-at="2022-12-17T19:16:24 CET" duration-ms="7355" status="PASS">
          <params>
            <param index="0">
              <value>
                <![CDATA["El usuari borra el compte que acabem de crear"]]>
              </value>
            </param>
            <param index="1">
              <value>
                <![CDATA["Register user"]]>
              </value>
            </param>
          </params>
          <reporter-output>
          </reporter-output>
        </test-method> <!-- runScenario -->
        <test-method signature="runScenario(io.cucumber.testng.PickleWrapper,io.cucumber.testng.FeatureWrapper)[pri:0, instance:TestRunner@3e8c3cb]" started-at="2022-12-17T19:16:24 CET" name="runScenario" description="Runs Cucumber Scenarios" data-provider="scenarios" finished-at="2022-12-17T19:16:34 CET" duration-ms="10332" status="PASS">
          <params>
            <param index="0">
              <value>
                <![CDATA["Registrar incorrectament"]]>
              </value>
            </param>
            <param index="1">
              <value>
                <![CDATA["Register user"]]>
              </value>
            </param>
          </params>
          <reporter-output>
          </reporter-output>
        </test-method> <!-- runScenario -->
        <test-method is-config="true" signature="tearDownClass()[pri:0, instance:TestRunner@3e8c3cb]" started-at="2022-12-17T19:16:34 CET" name="tearDownClass" finished-at="2022-12-17T19:16:35 CET" duration-ms="315" status="PASS">
          <reporter-output>
          </reporter-output>
        </test-method> <!-- tearDownClass -->
      </class> <!-- TestRunner -->
    </test> <!-- Default test -->
  </suite> <!-- Default suite -->
</testng-results>
