<?xml version="1.0" encoding="UTF-8"?>
<testng-results ignored="0" total="2" passed="2" failed="0" skipped="0">
  <reporter-output>
  </reporter-output>
  <suite started-at="2022-12-14T15:39:42 CET" name="Default suite" finished-at="2022-12-14T15:40:06 CET" duration-ms="24300">
    <groups>
      <group name="cucumber">
        <method signature="AbstractTestNGCucumberTests.runScenario(io.cucumber.testng.PickleWrapper,io.cucumber.testng.FeatureWrapper)[pri:0, instance:RegisterTest@3e8c3cb]" name="runScenario" class="io.cucumber.testng.AbstractTestNGCucumberTests"/>
      </group> <!-- cucumber -->
    </groups>
    <test started-at="2022-12-14T15:39:42 CET" name="Default test" finished-at="2022-12-14T15:40:06 CET" duration-ms="24300">
      <class name="RegisterTest">
        <test-method is-config="true" signature="setUpClass(org.testng.ITestContext)[pri:0, instance:RegisterTest@3e8c3cb]" started-at="2022-12-14T15:39:42 CET" name="setUpClass" finished-at="2022-12-14T15:39:42 CET" duration-ms="261" status="PASS">
          <params>
            <param index="0">
              <value>
                <![CDATA[org.testng.TestRunner@6a12c7a8]]>
              </value>
            </param>
          </params>
          <reporter-output>
          </reporter-output>
        </test-method> <!-- setUpClass -->
        <test-method signature="runScenario(io.cucumber.testng.PickleWrapper,io.cucumber.testng.FeatureWrapper)[pri:0, instance:RegisterTest@3e8c3cb]" started-at="2022-12-14T15:39:42 CET" name="runScenario" description="Runs Cucumber Scenarios" data-provider="scenarios" finished-at="2022-12-14T15:39:59 CET" duration-ms="16051" status="PASS">
          <params>
            <param index="0">
              <value>
                <![CDATA["Registrar Usuari"]]>
              </value>
            </param>
            <param index="1">
              <value>
                <![CDATA["Register user"]]>
              </value>
            </param>
          </params>
          <reporter-output>
          </reporter-output>
        </test-method> <!-- runScenario -->
        <test-method signature="runScenario(io.cucumber.testng.PickleWrapper,io.cucumber.testng.FeatureWrapper)[pri:0, instance:RegisterTest@3e8c3cb]" started-at="2022-12-14T15:39:59 CET" name="runScenario" description="Runs Cucumber Scenarios" data-provider="scenarios" finished-at="2022-12-14T15:40:06 CET" duration-ms="7898" status="PASS">
          <params>
            <param index="0">
              <value>
                <![CDATA["Registrar incorrectament"]]>
              </value>
            </param>
            <param index="1">
              <value>
                <![CDATA["Register user"]]>
              </value>
            </param>
          </params>
          <reporter-output>
          </reporter-output>
        </test-method> <!-- runScenario -->
        <test-method is-config="true" signature="tearDownClass()[pri:0, instance:RegisterTest@3e8c3cb]" started-at="2022-12-14T15:40:06 CET" name="tearDownClass" finished-at="2022-12-14T15:40:06 CET" duration-ms="20" status="PASS">
          <reporter-output>
          </reporter-output>
        </test-method> <!-- tearDownClass -->
      </class> <!-- RegisterTest -->
    </test> <!-- Default test -->
  </suite> <!-- Default suite -->
</testng-results>
