<?xml version="1.0" encoding="UTF-8"?>
<testng-results ignored="0" total="38" passed="38" failed="0" skipped="0">
  <reporter-output>
  </reporter-output>
  <suite started-at="2022-12-19T16:05:47 CET" name="Default suite" finished-at="2022-12-19T16:12:47 CET" duration-ms="419191">
    <groups>
      <group name="cucumber">
        <method signature="AbstractTestNGCucumberTests.runScenario(io.cucumber.testng.PickleWrapper,io.cucumber.testng.FeatureWrapper)[pri:0, instance:TestRunner@3e8c3cb]" name="runScenario" class="io.cucumber.testng.AbstractTestNGCucumberTests"/>
      </group> <!-- cucumber -->
    </groups>
    <test started-at="2022-12-19T16:05:47 CET" name="Default test" finished-at="2022-12-19T16:12:47 CET" duration-ms="419191">
      <class name="TestRunner">
        <test-method is-config="true" signature="setUpClass(org.testng.ITestContext)[pri:0, instance:TestRunner@3e8c3cb]" started-at="2022-12-19T16:05:47 CET" name="setUpClass" finished-at="2022-12-19T16:05:48 CET" duration-ms="505" status="PASS">
          <params>
            <param index="0">
              <value>
                <![CDATA[org.testng.TestRunner@20864cd1]]>
              </value>
            </param>
          </params>
          <reporter-output>
          </reporter-output>
        </test-method> <!-- setUpClass -->
        <test-method signature="runScenario(io.cucumber.testng.PickleWrapper,io.cucumber.testng.FeatureWrapper)[pri:0, instance:TestRunner@3e8c3cb]" started-at="2022-12-19T16:05:48 CET" name="runScenario" description="Runs Cucumber Scenarios" data-provider="scenarios" finished-at="2022-12-19T16:06:03 CET" duration-ms="15118" status="PASS">
          <params>
            <param index="0">
              <value>
                <![CDATA["Clicar el here amb carrito buit"]]>
              </value>
            </param>
            <param index="1">
              <value>
                <![CDATA["Carrito"]]>
              </value>
            </param>
          </params>
          <reporter-output>
          </reporter-output>
        </test-method> <!-- runScenario -->
        <test-method signature="runScenario(io.cucumber.testng.PickleWrapper,io.cucumber.testng.FeatureWrapper)[pri:0, instance:TestRunner@3e8c3cb]" started-at="2022-12-19T16:06:03 CET" name="runScenario" description="Runs Cucumber Scenarios" data-provider="scenarios" finished-at="2022-12-19T16:06:20 CET" duration-ms="16863" status="PASS">
          <params>
            <param index="0">
              <value>
                <![CDATA["Borrar item del carrito"]]>
              </value>
            </param>
            <param index="1">
              <value>
                <![CDATA["Carrito"]]>
              </value>
            </param>
          </params>
          <reporter-output>
          </reporter-output>
        </test-method> <!-- runScenario -->
        <test-method signature="runScenario(io.cucumber.testng.PickleWrapper,io.cucumber.testng.FeatureWrapper)[pri:0, instance:TestRunner@3e8c3cb]" started-at="2022-12-19T16:06:20 CET" name="runScenario" description="Runs Cucumber Scenarios" data-provider="scenarios" finished-at="2022-12-19T16:06:48 CET" duration-ms="28482" status="PASS">
          <params>
            <param index="0">
              <value>
                <![CDATA["Check quantity in cart"]]>
              </value>
            </param>
            <param index="1">
              <value>
                <![CDATA["Carrito"]]>
              </value>
            </param>
          </params>
          <reporter-output>
          </reporter-output>
        </test-method> <!-- runScenario -->
        <test-method signature="runScenario(io.cucumber.testng.PickleWrapper,io.cucumber.testng.FeatureWrapper)[pri:0, instance:TestRunner@3e8c3cb]" started-at="2022-12-19T16:06:48 CET" name="runScenario" description="Runs Cucumber Scenarios" data-provider="scenarios" finished-at="2022-12-19T16:07:10 CET" duration-ms="21657" status="PASS">
          <params>
            <param index="0">
              <value>
                <![CDATA["Fer el checkout"]]>
              </value>
            </param>
            <param index="1">
              <value>
                <![CDATA["Checkout"]]>
              </value>
            </param>
          </params>
          <reporter-output>
          </reporter-output>
        </test-method> <!-- runScenario -->
        <test-method signature="runScenario(io.cucumber.testng.PickleWrapper,io.cucumber.testng.FeatureWrapper)[pri:0, instance:TestRunner@3e8c3cb]" started-at="2022-12-19T16:07:10 CET" name="runScenario" description="Runs Cucumber Scenarios" data-provider="scenarios" finished-at="2022-12-19T16:07:16 CET" duration-ms="5818" status="PASS">
          <params>
            <param index="0">
              <value>
                <![CDATA["Omplir el formulari de Contact Us"]]>
              </value>
            </param>
            <param index="1">
              <value>
                <![CDATA["Contacte"]]>
              </value>
            </param>
          </params>
          <reporter-output>
          </reporter-output>
        </test-method> <!-- runScenario -->
        <test-method signature="runScenario(io.cucumber.testng.PickleWrapper,io.cucumber.testng.FeatureWrapper)[pri:0, instance:TestRunner@3e8c3cb]" started-at="2022-12-19T16:07:16 CET" name="runScenario" description="Runs Cucumber Scenarios" data-provider="scenarios" finished-at="2022-12-19T16:07:21 CET" duration-ms="5533" status="PASS">
          <params>
            <param index="0">
              <value>
                <![CDATA["Subscriures correctament"]]>
              </value>
            </param>
            <param index="1">
              <value>
                <![CDATA["Subscriures/logout"]]>
              </value>
            </param>
          </params>
          <reporter-output>
          </reporter-output>
        </test-method> <!-- runScenario -->
        <test-method signature="runScenario(io.cucumber.testng.PickleWrapper,io.cucumber.testng.FeatureWrapper)[pri:0, instance:TestRunner@3e8c3cb]" started-at="2022-12-19T16:07:21 CET" name="runScenario" description="Runs Cucumber Scenarios" data-provider="scenarios" finished-at="2022-12-19T16:07:28 CET" duration-ms="6266" status="PASS">
          <params>
            <param index="0">
              <value>
                <![CDATA["Subscriures incorrectament"]]>
              </value>
            </param>
            <param index="1">
              <value>
                <![CDATA["Subscriures/logout"]]>
              </value>
            </param>
          </params>
          <reporter-output>
          </reporter-output>
        </test-method> <!-- runScenario -->
        <test-method signature="runScenario(io.cucumber.testng.PickleWrapper,io.cucumber.testng.FeatureWrapper)[pri:0, instance:TestRunner@3e8c3cb]" started-at="2022-12-19T16:07:28 CET" name="runScenario" description="Runs Cucumber Scenarios" data-provider="scenarios" finished-at="2022-12-19T16:07:42 CET" duration-ms="13932" status="PASS">
          <params>
            <param index="0">
              <value>
                <![CDATA["Sortir del compte"]]>
              </value>
            </param>
            <param index="1">
              <value>
                <![CDATA["Subscriures/logout"]]>
              </value>
            </param>
          </params>
          <reporter-output>
          </reporter-output>
        </test-method> <!-- runScenario -->
        <test-method signature="runScenario(io.cucumber.testng.PickleWrapper,io.cucumber.testng.FeatureWrapper)[pri:0, instance:TestRunner@3e8c3cb]" started-at="2022-12-19T16:07:42 CET" name="runScenario" description="Runs Cucumber Scenarios" data-provider="scenarios" finished-at="2022-12-19T16:07:51 CET" duration-ms="9448" status="PASS">
          <params>
            <param index="0">
              <value>
                <![CDATA["Login Correcte"]]>
              </value>
            </param>
            <param index="1">
              <value>
                <![CDATA["Login"]]>
              </value>
            </param>
          </params>
          <reporter-output>
          </reporter-output>
        </test-method> <!-- runScenario -->
        <test-method signature="runScenario(io.cucumber.testng.PickleWrapper,io.cucumber.testng.FeatureWrapper)[pri:0, instance:TestRunner@3e8c3cb]" started-at="2022-12-19T16:07:51 CET" name="runScenario" description="Runs Cucumber Scenarios" data-provider="scenarios" finished-at="2022-12-19T16:07:56 CET" duration-ms="4937" status="PASS">
          <params>
            <param index="0">
              <value>
                <![CDATA["Login incorrecte"]]>
              </value>
            </param>
            <param index="1">
              <value>
                <![CDATA["Login"]]>
              </value>
            </param>
          </params>
          <reporter-output>
          </reporter-output>
        </test-method> <!-- runScenario -->
        <test-method signature="runScenario(io.cucumber.testng.PickleWrapper,io.cucumber.testng.FeatureWrapper)[pri:0, instance:TestRunner@3e8c3cb]" started-at="2022-12-19T16:07:56 CET" name="runScenario" description="Runs Cucumber Scenarios" data-provider="scenarios" finished-at="2022-12-19T16:08:01 CET" duration-ms="5239" status="PASS">
          <params>
            <param index="0">
              <value>
                <![CDATA["Login incorrecte"]]>
              </value>
            </param>
            <param index="1">
              <value>
                <![CDATA["Login"]]>
              </value>
            </param>
          </params>
          <reporter-output>
          </reporter-output>
        </test-method> <!-- runScenario -->
        <test-method signature="runScenario(io.cucumber.testng.PickleWrapper,io.cucumber.testng.FeatureWrapper)[pri:0, instance:TestRunner@3e8c3cb]" started-at="2022-12-19T16:08:01 CET" name="runScenario" description="Runs Cucumber Scenarios" data-provider="scenarios" finished-at="2022-12-19T16:08:08 CET" duration-ms="6544" status="PASS">
          <params>
            <param index="0">
              <value>
                <![CDATA["Login incorrecte"]]>
              </value>
            </param>
            <param index="1">
              <value>
                <![CDATA["Login"]]>
              </value>
            </param>
          </params>
          <reporter-output>
          </reporter-output>
        </test-method> <!-- runScenario -->
        <test-method signature="runScenario(io.cucumber.testng.PickleWrapper,io.cucumber.testng.FeatureWrapper)[pri:0, instance:TestRunner@3e8c3cb]" started-at="2022-12-19T16:08:08 CET" name="runScenario" description="Runs Cucumber Scenarios" data-provider="scenarios" finished-at="2022-12-19T16:08:24 CET" duration-ms="15890" status="PASS">
          <params>
            <param index="0">
              <value>
                <![CDATA["Busca diferents productes"]]>
              </value>
            </param>
            <param index="1">
              <value>
                <![CDATA["Products"]]>
              </value>
            </param>
          </params>
          <reporter-output>
          </reporter-output>
        </test-method> <!-- runScenario -->
        <test-method signature="runScenario(io.cucumber.testng.PickleWrapper,io.cucumber.testng.FeatureWrapper)[pri:0, instance:TestRunner@3e8c3cb]" started-at="2022-12-19T16:08:24 CET" name="runScenario" description="Runs Cucumber Scenarios" data-provider="scenarios" finished-at="2022-12-19T16:08:34 CET" duration-ms="10641" status="PASS">
          <params>
            <param index="0">
              <value>
                <![CDATA["Busca diferents productes"]]>
              </value>
            </param>
            <param index="1">
              <value>
                <![CDATA["Products"]]>
              </value>
            </param>
          </params>
          <reporter-output>
          </reporter-output>
        </test-method> <!-- runScenario -->
        <test-method signature="runScenario(io.cucumber.testng.PickleWrapper,io.cucumber.testng.FeatureWrapper)[pri:0, instance:TestRunner@3e8c3cb]" started-at="2022-12-19T16:08:34 CET" name="runScenario" description="Runs Cucumber Scenarios" data-provider="scenarios" finished-at="2022-12-19T16:08:45 CET" duration-ms="11039" status="PASS">
          <params>
            <param index="0">
              <value>
                <![CDATA["Busca diferents productes"]]>
              </value>
            </param>
            <param index="1">
              <value>
                <![CDATA["Products"]]>
              </value>
            </param>
          </params>
          <reporter-output>
          </reporter-output>
        </test-method> <!-- runScenario -->
        <test-method signature="runScenario(io.cucumber.testng.PickleWrapper,io.cucumber.testng.FeatureWrapper)[pri:0, instance:TestRunner@3e8c3cb]" started-at="2022-12-19T16:08:45 CET" name="runScenario" description="Runs Cucumber Scenarios" data-provider="scenarios" finished-at="2022-12-19T16:08:53 CET" duration-ms="8021" status="PASS">
          <params>
            <param index="0">
              <value>
                <![CDATA["Busca diferents productes"]]>
              </value>
            </param>
            <param index="1">
              <value>
                <![CDATA["Products"]]>
              </value>
            </param>
          </params>
          <reporter-output>
          </reporter-output>
        </test-method> <!-- runScenario -->
        <test-method signature="runScenario(io.cucumber.testng.PickleWrapper,io.cucumber.testng.FeatureWrapper)[pri:0, instance:TestRunner@3e8c3cb]" started-at="2022-12-19T16:08:53 CET" name="runScenario" description="Runs Cucumber Scenarios" data-provider="scenarios" finished-at="2022-12-19T16:09:03 CET" duration-ms="9761" status="PASS">
          <params>
            <param index="0">
              <value>
                <![CDATA["Buscar productes amb una opció de les categories"]]>
              </value>
            </param>
            <param index="1">
              <value>
                <![CDATA["Products"]]>
              </value>
            </param>
          </params>
          <reporter-output>
          </reporter-output>
        </test-method> <!-- runScenario -->
        <test-method signature="runScenario(io.cucumber.testng.PickleWrapper,io.cucumber.testng.FeatureWrapper)[pri:0, instance:TestRunner@3e8c3cb]" started-at="2022-12-19T16:09:03 CET" name="runScenario" description="Runs Cucumber Scenarios" data-provider="scenarios" finished-at="2022-12-19T16:09:13 CET" duration-ms="9578" status="PASS">
          <params>
            <param index="0">
              <value>
                <![CDATA["Buscar productes amb una opció de les categories"]]>
              </value>
            </param>
            <param index="1">
              <value>
                <![CDATA["Products"]]>
              </value>
            </param>
          </params>
          <reporter-output>
          </reporter-output>
        </test-method> <!-- runScenario -->
        <test-method signature="runScenario(io.cucumber.testng.PickleWrapper,io.cucumber.testng.FeatureWrapper)[pri:0, instance:TestRunner@3e8c3cb]" started-at="2022-12-19T16:09:13 CET" name="runScenario" description="Runs Cucumber Scenarios" data-provider="scenarios" finished-at="2022-12-19T16:09:23 CET" duration-ms="10567" status="PASS">
          <params>
            <param index="0">
              <value>
                <![CDATA["Buscar productes amb una opció de les categories"]]>
              </value>
            </param>
            <param index="1">
              <value>
                <![CDATA["Products"]]>
              </value>
            </param>
          </params>
          <reporter-output>
          </reporter-output>
        </test-method> <!-- runScenario -->
        <test-method signature="runScenario(io.cucumber.testng.PickleWrapper,io.cucumber.testng.FeatureWrapper)[pri:0, instance:TestRunner@3e8c3cb]" started-at="2022-12-19T16:09:23 CET" name="runScenario" description="Runs Cucumber Scenarios" data-provider="scenarios" finished-at="2022-12-19T16:09:33 CET" duration-ms="10001" status="PASS">
          <params>
            <param index="0">
              <value>
                <![CDATA["Buscar productes amb una opció de les categories"]]>
              </value>
            </param>
            <param index="1">
              <value>
                <![CDATA["Products"]]>
              </value>
            </param>
          </params>
          <reporter-output>
          </reporter-output>
        </test-method> <!-- runScenario -->
        <test-method signature="runScenario(io.cucumber.testng.PickleWrapper,io.cucumber.testng.FeatureWrapper)[pri:0, instance:TestRunner@3e8c3cb]" started-at="2022-12-19T16:09:33 CET" name="runScenario" description="Runs Cucumber Scenarios" data-provider="scenarios" finished-at="2022-12-19T16:09:42 CET" duration-ms="8892" status="PASS">
          <params>
            <param index="0">
              <value>
                <![CDATA["Buscar productes amb una opció de les categories"]]>
              </value>
            </param>
            <param index="1">
              <value>
                <![CDATA["Products"]]>
              </value>
            </param>
          </params>
          <reporter-output>
          </reporter-output>
        </test-method> <!-- runScenario -->
        <test-method signature="runScenario(io.cucumber.testng.PickleWrapper,io.cucumber.testng.FeatureWrapper)[pri:0, instance:TestRunner@3e8c3cb]" started-at="2022-12-19T16:09:42 CET" name="runScenario" description="Runs Cucumber Scenarios" data-provider="scenarios" finished-at="2022-12-19T16:10:00 CET" duration-ms="17911" status="PASS">
          <params>
            <param index="0">
              <value>
                <![CDATA["Buscar productes amb una opció de les categories"]]>
              </value>
            </param>
            <param index="1">
              <value>
                <![CDATA["Products"]]>
              </value>
            </param>
          </params>
          <reporter-output>
          </reporter-output>
        </test-method> <!-- runScenario -->
        <test-method signature="runScenario(io.cucumber.testng.PickleWrapper,io.cucumber.testng.FeatureWrapper)[pri:0, instance:TestRunner@3e8c3cb]" started-at="2022-12-19T16:10:00 CET" name="runScenario" description="Runs Cucumber Scenarios" data-provider="scenarios" finished-at="2022-12-19T16:10:17 CET" duration-ms="16772" status="PASS">
          <params>
            <param index="0">
              <value>
                <![CDATA["Buscar productes amb una opció de les categories"]]>
              </value>
            </param>
            <param index="1">
              <value>
                <![CDATA["Products"]]>
              </value>
            </param>
          </params>
          <reporter-output>
          </reporter-output>
        </test-method> <!-- runScenario -->
        <test-method signature="runScenario(io.cucumber.testng.PickleWrapper,io.cucumber.testng.FeatureWrapper)[pri:0, instance:TestRunner@3e8c3cb]" started-at="2022-12-19T16:10:17 CET" name="runScenario" description="Runs Cucumber Scenarios" data-provider="scenarios" finished-at="2022-12-19T16:10:36 CET" duration-ms="19450" status="PASS">
          <params>
            <param index="0">
              <value>
                <![CDATA["Buscar productes amb una opcio de les marques"]]>
              </value>
            </param>
            <param index="1">
              <value>
                <![CDATA["Products"]]>
              </value>
            </param>
          </params>
          <reporter-output>
          </reporter-output>
        </test-method> <!-- runScenario -->
        <test-method signature="runScenario(io.cucumber.testng.PickleWrapper,io.cucumber.testng.FeatureWrapper)[pri:0, instance:TestRunner@3e8c3cb]" started-at="2022-12-19T16:10:36 CET" name="runScenario" description="Runs Cucumber Scenarios" data-provider="scenarios" finished-at="2022-12-19T16:10:50 CET" duration-ms="13568" status="PASS">
          <params>
            <param index="0">
              <value>
                <![CDATA["Buscar productes amb una opcio de les marques"]]>
              </value>
            </param>
            <param index="1">
              <value>
                <![CDATA["Products"]]>
              </value>
            </param>
          </params>
          <reporter-output>
          </reporter-output>
        </test-method> <!-- runScenario -->
        <test-method signature="runScenario(io.cucumber.testng.PickleWrapper,io.cucumber.testng.FeatureWrapper)[pri:0, instance:TestRunner@3e8c3cb]" started-at="2022-12-19T16:10:50 CET" name="runScenario" description="Runs Cucumber Scenarios" data-provider="scenarios" finished-at="2022-12-19T16:11:04 CET" duration-ms="14379" status="PASS">
          <params>
            <param index="0">
              <value>
                <![CDATA["Buscar productes amb una opcio de les marques"]]>
              </value>
            </param>
            <param index="1">
              <value>
                <![CDATA["Products"]]>
              </value>
            </param>
          </params>
          <reporter-output>
          </reporter-output>
        </test-method> <!-- runScenario -->
        <test-method signature="runScenario(io.cucumber.testng.PickleWrapper,io.cucumber.testng.FeatureWrapper)[pri:0, instance:TestRunner@3e8c3cb]" started-at="2022-12-19T16:11:04 CET" name="runScenario" description="Runs Cucumber Scenarios" data-provider="scenarios" finished-at="2022-12-19T16:11:15 CET" duration-ms="10212" status="PASS">
          <params>
            <param index="0">
              <value>
                <![CDATA["Buscar productes amb una opcio de les marques"]]>
              </value>
            </param>
            <param index="1">
              <value>
                <![CDATA["Products"]]>
              </value>
            </param>
          </params>
          <reporter-output>
          </reporter-output>
        </test-method> <!-- runScenario -->
        <test-method signature="runScenario(io.cucumber.testng.PickleWrapper,io.cucumber.testng.FeatureWrapper)[pri:0, instance:TestRunner@3e8c3cb]" started-at="2022-12-19T16:11:15 CET" name="runScenario" description="Runs Cucumber Scenarios" data-provider="scenarios" finished-at="2022-12-19T16:11:22 CET" duration-ms="7100" status="PASS">
          <params>
            <param index="0">
              <value>
                <![CDATA["Buscar productes amb una opcio de les marques"]]>
              </value>
            </param>
            <param index="1">
              <value>
                <![CDATA["Products"]]>
              </value>
            </param>
          </params>
          <reporter-output>
          </reporter-output>
        </test-method> <!-- runScenario -->
        <test-method signature="runScenario(io.cucumber.testng.PickleWrapper,io.cucumber.testng.FeatureWrapper)[pri:0, instance:TestRunner@3e8c3cb]" started-at="2022-12-19T16:11:22 CET" name="runScenario" description="Runs Cucumber Scenarios" data-provider="scenarios" finished-at="2022-12-19T16:11:35 CET" duration-ms="13662" status="PASS">
          <params>
            <param index="0">
              <value>
                <![CDATA["Buscar productes amb una opcio de les marques"]]>
              </value>
            </param>
            <param index="1">
              <value>
                <![CDATA["Products"]]>
              </value>
            </param>
          </params>
          <reporter-output>
          </reporter-output>
        </test-method> <!-- runScenario -->
        <test-method signature="runScenario(io.cucumber.testng.PickleWrapper,io.cucumber.testng.FeatureWrapper)[pri:0, instance:TestRunner@3e8c3cb]" started-at="2022-12-19T16:11:35 CET" name="runScenario" description="Runs Cucumber Scenarios" data-provider="scenarios" finished-at="2022-12-19T16:11:45 CET" duration-ms="9935" status="PASS">
          <params>
            <param index="0">
              <value>
                <![CDATA["Buscar productes amb una opcio de les marques"]]>
              </value>
            </param>
            <param index="1">
              <value>
                <![CDATA["Products"]]>
              </value>
            </param>
          </params>
          <reporter-output>
          </reporter-output>
        </test-method> <!-- runScenario -->
        <test-method signature="runScenario(io.cucumber.testng.PickleWrapper,io.cucumber.testng.FeatureWrapper)[pri:0, instance:TestRunner@3e8c3cb]" started-at="2022-12-19T16:11:45 CET" name="runScenario" description="Runs Cucumber Scenarios" data-provider="scenarios" finished-at="2022-12-19T16:11:53 CET" duration-ms="7821" status="PASS">
          <params>
            <param index="0">
              <value>
                <![CDATA["Buscar productes amb una opcio de les marques"]]>
              </value>
            </param>
            <param index="1">
              <value>
                <![CDATA["Products"]]>
              </value>
            </param>
          </params>
          <reporter-output>
          </reporter-output>
        </test-method> <!-- runScenario -->
        <test-method signature="runScenario(io.cucumber.testng.PickleWrapper,io.cucumber.testng.FeatureWrapper)[pri:0, instance:TestRunner@3e8c3cb]" started-at="2022-12-19T16:11:53 CET" name="runScenario" description="Runs Cucumber Scenarios" data-provider="scenarios" finished-at="2022-12-19T16:12:04 CET" duration-ms="11338" status="PASS">
          <params>
            <param index="0">
              <value>
                <![CDATA["Afegir un producte al carrito i veure que esta al carrito"]]>
              </value>
            </param>
            <param index="1">
              <value>
                <![CDATA["Products"]]>
              </value>
            </param>
          </params>
          <reporter-output>
          </reporter-output>
        </test-method> <!-- runScenario -->
        <test-method signature="runScenario(io.cucumber.testng.PickleWrapper,io.cucumber.testng.FeatureWrapper)[pri:0, instance:TestRunner@3e8c3cb]" started-at="2022-12-19T16:12:04 CET" name="runScenario" description="Runs Cucumber Scenarios" data-provider="scenarios" finished-at="2022-12-19T16:12:10 CET" duration-ms="5709" status="PASS">
          <params>
            <param index="0">
              <value>
                <![CDATA["Consultar informacio de un producte"]]>
              </value>
            </param>
            <param index="1">
              <value>
                <![CDATA["Gestio/Consulta producte"]]>
              </value>
            </param>
          </params>
          <reporter-output>
          </reporter-output>
        </test-method> <!-- runScenario -->
        <test-method signature="runScenario(io.cucumber.testng.PickleWrapper,io.cucumber.testng.FeatureWrapper)[pri:0, instance:TestRunner@3e8c3cb]" started-at="2022-12-19T16:12:10 CET" name="runScenario" description="Runs Cucumber Scenarios" data-provider="scenarios" finished-at="2022-12-19T16:12:22 CET" duration-ms="11845" status="PASS">
          <params>
            <param index="0">
              <value>
                <![CDATA["Afegir un producte al carro i seguir comprant"]]>
              </value>
            </param>
            <param index="1">
              <value>
                <![CDATA["Gestio/Consulta producte"]]>
              </value>
            </param>
          </params>
          <reporter-output>
          </reporter-output>
        </test-method> <!-- runScenario -->
        <test-method signature="runScenario(io.cucumber.testng.PickleWrapper,io.cucumber.testng.FeatureWrapper)[pri:0, instance:TestRunner@3e8c3cb]" started-at="2022-12-19T16:12:22 CET" name="runScenario" description="Runs Cucumber Scenarios" data-provider="scenarios" finished-at="2022-12-19T16:12:27 CET" duration-ms="5425" status="PASS">
          <params>
            <param index="0">
              <value>
                <![CDATA["Veure un producte i afegir una critica"]]>
              </value>
            </param>
            <param index="1">
              <value>
                <![CDATA["Gestio/Consulta producte"]]>
              </value>
            </param>
          </params>
          <reporter-output>
          </reporter-output>
        </test-method> <!-- runScenario -->
        <test-method signature="runScenario(io.cucumber.testng.PickleWrapper,io.cucumber.testng.FeatureWrapper)[pri:0, instance:TestRunner@3e8c3cb]" started-at="2022-12-19T16:12:27 CET" name="runScenario" description="Runs Cucumber Scenarios" data-provider="scenarios" finished-at="2022-12-19T16:12:34 CET" duration-ms="6419" status="PASS">
          <params>
            <param index="0">
              <value>
                <![CDATA["Registrar Usuari"]]>
              </value>
            </param>
            <param index="1">
              <value>
                <![CDATA["Register user"]]>
              </value>
            </param>
          </params>
          <reporter-output>
          </reporter-output>
        </test-method> <!-- runScenario -->
        <test-method signature="runScenario(io.cucumber.testng.PickleWrapper,io.cucumber.testng.FeatureWrapper)[pri:0, instance:TestRunner@3e8c3cb]" started-at="2022-12-19T16:12:34 CET" name="runScenario" description="Runs Cucumber Scenarios" data-provider="scenarios" finished-at="2022-12-19T16:12:40 CET" duration-ms="6305" status="PASS">
          <params>
            <param index="0">
              <value>
                <![CDATA["El usuari borra el compte que acabem de crear"]]>
              </value>
            </param>
            <param index="1">
              <value>
                <![CDATA["Register user"]]>
              </value>
            </param>
          </params>
          <reporter-output>
          </reporter-output>
        </test-method> <!-- runScenario -->
        <test-method signature="runScenario(io.cucumber.testng.PickleWrapper,io.cucumber.testng.FeatureWrapper)[pri:0, instance:TestRunner@3e8c3cb]" started-at="2022-12-19T16:12:40 CET" name="runScenario" description="Runs Cucumber Scenarios" data-provider="scenarios" finished-at="2022-12-19T16:12:46 CET" duration-ms="6093" status="PASS">
          <params>
            <param index="0">
              <value>
                <![CDATA["Registrar incorrectament"]]>
              </value>
            </param>
            <param index="1">
              <value>
                <![CDATA["Register user"]]>
              </value>
            </param>
          </params>
          <reporter-output>
          </reporter-output>
        </test-method> <!-- runScenario -->
        <test-method is-config="true" signature="tearDownClass()[pri:0, instance:TestRunner@3e8c3cb]" started-at="2022-12-19T16:12:46 CET" name="tearDownClass" finished-at="2022-12-19T16:12:47 CET" duration-ms="393" status="PASS">
          <reporter-output>
          </reporter-output>
        </test-method> <!-- tearDownClass -->
      </class> <!-- TestRunner -->
    </test> <!-- Default test -->
  </suite> <!-- Default suite -->
</testng-results>
